16:09:49.099 [main] DEBUG com.intuit.karate.Suite - [config] classpath:karate-config.js
16:09:50.879 [main] INFO  com.intuit.karate - karate.env system property was: null 
16:09:50.906 [main] INFO  com.intuit.karate - JWTtoken is : null 
16:09:51.017 [main] ERROR com.intuit.karate - classpath:test/processPayment.feature:4
* url 'https://apitest.livquik.com'
"""
{
  "mobileNumber": "+918722000003",
  "deviceId": "9F0D7162-F90E-41B7-8357-88891C33F0ED",
 "channel": "app",
  "merchantId": "uk@wad7Si",
  "amount": "60",
  "currency": "INR",
  "merchantOrderId": "KOTAK-120903534354311",
  "callbackUrl": "https://localhost:8000/api/processPayment",
  "emiSubvention": false,
  "emiTransaction": false,
   "paymentMode": {
  "bnpl": [{
      "paymentChannelId": "kotak_bnpl_cardless_*",
      "amount":"60"
  }]
    },
    
  "source": "secure-2fr"
}
"""
no step-definition method match found for: url 'https://apitest.livquik.com'
classpath:test/processPayment.feature:4
16:09:53.772 [main] DEBUG com.intuit.karate.Suite - [config] classpath:karate-config.js
16:10:04.876 [main] DEBUG com.intuit.karate.Suite - [config] classpath:karate-config.js
16:10:06.851 [main] INFO  com.intuit.karate - karate.env system property was: null 
16:10:06.889 [main] INFO  com.intuit.karate - JWTtoken is : null 
16:10:06.988 [main] ERROR com.intuit.karate - classpath:test/processPayment.feature:4
* url 'https://apitest.livquik.com'
"""
{
  "mobileNumber": "+918722000003",
  "deviceId": "9F0D7162-F90E-41B7-8357-88891C33F0ED",
 "channel": "app",
  "merchantId": "uk@wad7Si",
  "amount": "60",
  "currency": "INR",
  "merchantOrderId": "KOTAK-120903534354311",
  "callbackUrl": "https://localhost:8000/api/processPayment",
  "emiSubvention": false,
  "emiTransaction": false,
   "paymentMode": {
  "bnpl": [{
      "paymentChannelId": "kotak_bnpl_cardless_*",
      "amount":"60"
  }]
    },
    
  "source": "secure-2fr"
}
"""
no step-definition method match found for: url 'https://apitest.livquik.com'
classpath:test/processPayment.feature:4
16:10:09.339 [main] DEBUG com.intuit.karate.Suite - [config] classpath:karate-config.js
16:12:47.526 [main] DEBUG com.intuit.karate.Suite - [config] classpath:karate-config.js
16:12:49.628 [main] INFO  com.intuit.karate - karate.env system property was: null 
16:12:49.699 [main] ERROR com.intuit.karate - classpath:test/processPayment.feature:4
* url 'https://apitest.livquik.com'
"""
{
  "mobileNumber": "+918722000003",
  "deviceId": "9F0D7162-F90E-41B7-8357-88891C33F0ED",
 "channel": "app",
  "merchantId": "uk@wad7Si",
  "amount": "60",
  "currency": "INR",
  "merchantOrderId": "KOTAK-120903534354311",
  "callbackUrl": "https://localhost:8000/api/processPayment",
  "emiSubvention": false,
  "emiTransaction": false,
   "paymentMode": {
  "bnpl": [{
      "paymentChannelId": "kotak_bnpl_cardless_*",
      "amount":"60"
  }]
    },
    
  "source": "secure-2fr"
}
"""
no step-definition method match found for: url 'https://apitest.livquik.com'
classpath:test/processPayment.feature:4
16:12:52.628 [main] DEBUG com.intuit.karate.Suite - [config] classpath:karate-config.js
16:17:24.985 [main] DEBUG com.intuit.karate.Suite - [config] classpath:karate-config.js
16:17:26.766 [main] INFO  com.intuit.karate - karate.env system property was: null 
16:17:27.616 [main] DEBUG com.intuit.karate - request:
1 > POST https://apitest.livquik.com/api/v1/bnpl/processPayment
1 > Content-Type: application/json; charset=UTF-8
1 > Authorization: eyJhbGciOiJIUzI1NiIsInR5cCI6IkpXVCJ9.eyJtb2JpbGVOdW1iZXIiOiIrOTE4NzIyMDAwMDAzIiwiZGV2aWNlSWQiOiI5RjBENzE2Mi1GOTBFLTQxQjctODM1Ny04ODg5MUMzM0YwRUQiLCJjaGFubmVsIjoiYXBwIiwibWVyY2hhbnRJZCI6InVrQHdhZDdTaSIsImFtb3VudCI6IjYwIiwiY3VycmVuY3kiOiJJTlIiLCJtZXJjaGFudE9yZGVySWQiOiJLT1RBSy0xMjA5MDM1MzQzNTQzMTEiLCJjYWxsYmFja1VybCI6Imh0dHBzOi8vbG9jYWxob3N0OjgwMDAvYXBpL3Byb2Nlc3NQYXltZW50IiwiZW1pU3VidmVudGlvbiI6ZmFsc2UsImVtaVRyYW5zYWN0aW9uIjpmYWxzZSwicGF5bWVudE1vZGUiOnsiYm5wbCI6W3sicGF5bWVudENoYW5uZWxJZCI6ImtvdGFrX2JucGxfY2FyZGxlc3NfKiIsImFtb3VudCI6IjYwIn1dfSwic291cmNlIjoic2VjdXJlLTJmciIsImlhdCI6MTY3NjU0NjI0MCwiZXhwIjoxNjc2NTQ3MTQwfQ.YJVpqqoXhNK6qvn5RQbJE-GX02Zve7vcc9FUKqc0_W0
1 > TENANT: KOTAK_BNPL
1 > public-key: Bearer cGtfbGl2ZV94NjIzRkpNZmFJbmk6c2tfbGl2ZV9xeUVwSUJaQWQxcG1aNk9oMklUOG43UjlmSzFVbmM2aEQ3VGtHSUxy
1 > User-Agent: PostmanRuntime/7.31.1
1 > Content-Length: 409
1 > Host: apitest.livquik.com
1 > Connection: Keep-Alive
1 > Accept-Encoding: gzip,deflate
{"mobileNumber":"+918722000003","deviceId":"9F0D7162-F90E-41B7-8357-88891C33F0ED","channel":"app","merchantId":"uk@wad7Si","amount":"60","currency":"INR","merchantOrderId":"KOTAK-120903534354311","callbackUrl":"https:\/\/localhost:8000\/api\/processPayment","emiSubvention":false,"emiTransaction":false,"paymentMode":{"bnpl":[{"paymentChannelId":"kotak_bnpl_cardless_*","amount":"60"}]},"source":"secure-2fr"}

16:17:28.197 [main] DEBUG com.intuit.karate - response time in milliseconds: 575
1 < 200
1 < Server: nginx
1 < Date: Fri, 10 Mar 2023 10:47:28 GMT
1 < Content-Type: application/json
1 < Transfer-Encoding: chunked
1 < Connection: keep-alive
1 < Vary: Accept-Encoding
1 < Vary: Origin
1 < Content-Security-Policy: default-src 'self';base-uri 'self';font-src 'self' https: data:;form-action 'self';frame-ancestors 'self';img-src 'self' data:;object-src 'none';script-src 'self';script-src-attr 'none';style-src 'self' https: 'unsafe-inline';upgrade-insecure-requests
1 < Cross-Origin-Embedder-Policy: require-corp
1 < Cross-Origin-Opener-Policy: same-origin
1 < Cross-Origin-Resource-Policy: same-origin
1 < X-DNS-Prefetch-Control: off
1 < X-Frame-Options: SAMEORIGIN
1 < X-Frame-Options: SAMEORIGIN
1 < Strict-Transport-Security: max-age=31536000; includeSubDomains
1 < Strict-Transport-Security: max-age=432000; includeSubDomains
1 < X-Download-Options: noopen
1 < X-Content-Type-Options: nosniff
1 < X-Content-Type-Options: nosniff
1 < Origin-Agent-Cluster: ?1
1 < X-Permitted-Cross-Domain-Policies: none
1 < Referrer-Policy: no-referrer
1 < X-XSS-Protection: 0
1 < X-XSS-Protection: 1; mode=block
1 < X-Powered-By: Express
1 < vary: Accept-Encoding
1 < vary: Origin
1 < X-Kong-Upstream-Latency: 6
1 < X-Kong-Proxy-Latency: 1
1 < Via: kong/2.7.0.0-enterprise-edition
{"result":{"status":"failed","statusCode":"PAY_1002","message":"Request expired."}}

16:17:28.271 [main] INFO  com.intuit.karate - [print] {
  "result": {
    "status": "failed",
    "statusCode": "PAY_1002",
    "message": "Request expired."
  }
}
 
16:17:30.219 [main] DEBUG com.intuit.karate.Suite - [config] classpath:karate-config.js
16:17:41.563 [main] DEBUG com.intuit.karate.Suite - [config] classpath:karate-config.js
16:17:43.515 [main] INFO  com.intuit.karate - karate.env system property was: null 
16:17:44.091 [main] DEBUG com.intuit.karate - request:
1 > POST https://apitest.livquik.com/api/v1/bnpl/processPayment
1 > Content-Type: application/json; charset=UTF-8
1 > Authorization: eyJhbGciOiJIUzI1NiIsInR5cCI6IkpXVCJ9.eyJtb2JpbGVOdW1iZXIiOiIrOTE4NzIyMDAwMDAzIiwiZGV2aWNlSWQiOiI5RjBENzE2Mi1GOTBFLTQxQjctODM1Ny04ODg5MUMzM0YwRUQiLCJjaGFubmVsIjoiYXBwIiwibWVyY2hhbnRJZCI6InVrQHdhZDdTaSIsImFtb3VudCI6IjYwIiwiY3VycmVuY3kiOiJJTlIiLCJtZXJjaGFudE9yZGVySWQiOiJLT1RBSy0xMjA5MDM1MzQzNTQzMTEiLCJjYWxsYmFja1VybCI6Imh0dHBzOi8vbG9jYWxob3N0OjgwMDAvYXBpL3Byb2Nlc3NQYXltZW50IiwiZW1pU3VidmVudGlvbiI6ZmFsc2UsImVtaVRyYW5zYWN0aW9uIjpmYWxzZSwicGF5bWVudE1vZGUiOnsiYm5wbCI6W3sicGF5bWVudENoYW5uZWxJZCI6ImtvdGFrX2JucGxfY2FyZGxlc3NfKiIsImFtb3VudCI6IjYwIn1dfSwic291cmNlIjoic2VjdXJlLTJmciIsImlhdCI6MTY3NjU0NjI0MCwiZXhwIjoxNjc2NTQ3MTQwfQ.YJVpqqoXhNK6qvn5RQbJE-GX02Zve7vcc9FUKqc0_W0
1 > TENANT: KOTAK_BNPL
1 > public-key: Bearer cGtfbGl2ZV94NjIzRkpNZmFJbmk6c2tfbGl2ZV9xeUVwSUJaQWQxcG1aNk9oMklUOG43UjlmSzFVbmM2aEQ3VGtHSUxy
1 > User-Agent: PostmanRuntime/7.31.1
1 > Content-Length: 409
1 > Host: apitest.livquik.com
1 > Connection: Keep-Alive
1 > Accept-Encoding: gzip,deflate
{"mobileNumber":"+918722000003","deviceId":"9F0D7162-F90E-41B7-8357-88891C33F0ED","channel":"app","merchantId":"uk@wad7Si","amount":"60","currency":"INR","merchantOrderId":"KOTAK-120903534354311","callbackUrl":"https:\/\/localhost:8000\/api\/processPayment","emiSubvention":false,"emiTransaction":false,"paymentMode":{"bnpl":[{"paymentChannelId":"kotak_bnpl_cardless_*","amount":"60"}]},"source":"secure-2fr"}

16:17:44.481 [main] DEBUG com.intuit.karate - response time in milliseconds: 336
1 < 200
1 < Server: nginx
1 < Date: Fri, 10 Mar 2023 10:47:44 GMT
1 < Content-Type: application/json
1 < Transfer-Encoding: chunked
1 < Connection: keep-alive
1 < Vary: Accept-Encoding
1 < Vary: Origin
1 < Content-Security-Policy: default-src 'self';base-uri 'self';font-src 'self' https: data:;form-action 'self';frame-ancestors 'self';img-src 'self' data:;object-src 'none';script-src 'self';script-src-attr 'none';style-src 'self' https: 'unsafe-inline';upgrade-insecure-requests
1 < Cross-Origin-Embedder-Policy: require-corp
1 < Cross-Origin-Opener-Policy: same-origin
1 < Cross-Origin-Resource-Policy: same-origin
1 < X-DNS-Prefetch-Control: off
1 < X-Frame-Options: SAMEORIGIN
1 < X-Frame-Options: SAMEORIGIN
1 < Strict-Transport-Security: max-age=31536000; includeSubDomains
1 < Strict-Transport-Security: max-age=432000; includeSubDomains
1 < X-Download-Options: noopen
1 < X-Content-Type-Options: nosniff
1 < X-Content-Type-Options: nosniff
1 < Origin-Agent-Cluster: ?1
1 < X-Permitted-Cross-Domain-Policies: none
1 < Referrer-Policy: no-referrer
1 < X-XSS-Protection: 0
1 < X-XSS-Protection: 1; mode=block
1 < X-Powered-By: Express
1 < vary: Accept-Encoding
1 < vary: Origin
1 < X-Kong-Upstream-Latency: 7
1 < X-Kong-Proxy-Latency: 1
1 < Via: kong/2.7.0.0-enterprise-edition
{"result":{"status":"failed","statusCode":"PAY_1002","message":"Request expired."}}

16:17:44.547 [main] INFO  com.intuit.karate - [print] {
  "result": {
    "status": "failed",
    "statusCode": "PAY_1002",
    "message": "Request expired."
  }
}
 
16:17:46.801 [main] DEBUG com.intuit.karate.Suite - [config] classpath:karate-config.js
14:53:09.904 [main] DEBUG com.intuit.karate.Suite - [config] classpath:karate-config.js
14:53:11.447 [main] INFO  com.intuit.karate - karate.env system property was: null 
14:53:11.972 [main] DEBUG com.intuit.karate - request:
1 > POST https://apitest.livquik.com/api/v1/bnpl/processPayment
1 > Content-Type: application/json; charset=UTF-8
1 > Authorization: eyJhbGciOiJIUzI1NiIsInR5cCI6IkpXVCJ9.eyJtb2JpbGVOdW1iZXIiOiIrOTE4NzIyMDAwMDAzIiwiZGV2aWNlSWQiOiI5RjBENzE2Mi1GOTBFLTQxQjctODM1Ny04ODg5MUMzM0YwRUQiLCJjaGFubmVsIjoiYXBwIiwibWVyY2hhbnRJZCI6InVrQHdhZDdTaSIsImFtb3VudCI6IjYwIiwiY3VycmVuY3kiOiJJTlIiLCJtZXJjaGFudE9yZGVySWQiOiJLT1RBSy0xMjA5MDM1MzQzNTQzMTEiLCJjYWxsYmFja1VybCI6Imh0dHBzOi8vbG9jYWxob3N0OjgwMDAvYXBpL3Byb2Nlc3NQYXltZW50IiwiZW1pU3VidmVudGlvbiI6ZmFsc2UsImVtaVRyYW5zYWN0aW9uIjpmYWxzZSwicGF5bWVudE1vZGUiOnsiYm5wbCI6W3sicGF5bWVudENoYW5uZWxJZCI6ImtvdGFrX2JucGxfY2FyZGxlc3NfKiIsImFtb3VudCI6IjYwIn1dfSwic291cmNlIjoic2VjdXJlLTJmciIsImlhdCI6MTY3NjU0NjI0MCwiZXhwIjoxNjc2NTQ3MTQwfQ.YJVpqqoXhNK6qvn5RQbJE-GX02Zve7vcc9FUKqc0_W0
1 > TENANT: KOTAK_BNPL
1 > public-key: Bearer cGtfbGl2ZV94NjIzRkpNZmFJbmk6c2tfbGl2ZV9xeUVwSUJaQWQxcG1aNk9oMklUOG43UjlmSzFVbmM2aEQ3VGtHSUxy
1 > User-Agent: PostmanRuntime/7.31.1
1 > Content-Length: 409
1 > Host: apitest.livquik.com
1 > Connection: Keep-Alive
1 > Accept-Encoding: gzip,deflate
{"mobileNumber":"+918722000003","deviceId":"9F0D7162-F90E-41B7-8357-88891C33F0ED","channel":"app","merchantId":"uk@wad7Si","amount":"60","currency":"INR","merchantOrderId":"KOTAK-120903534354311","callbackUrl":"https:\/\/localhost:8000\/api\/processPayment","emiSubvention":false,"emiTransaction":false,"paymentMode":{"bnpl":[{"paymentChannelId":"kotak_bnpl_cardless_*","amount":"60"}]},"source":"secure-2fr"}

14:53:12.556 [main] DEBUG com.intuit.karate - response time in milliseconds: 579
1 < 200
1 < Server: nginx
1 < Date: Sat, 11 Mar 2023 09:23:14 GMT
1 < Content-Type: application/json
1 < Transfer-Encoding: chunked
1 < Connection: keep-alive
1 < Vary: Accept-Encoding
1 < Vary: Origin
1 < Content-Security-Policy: default-src 'self';base-uri 'self';font-src 'self' https: data:;form-action 'self';frame-ancestors 'self';img-src 'self' data:;object-src 'none';script-src 'self';script-src-attr 'none';style-src 'self' https: 'unsafe-inline';upgrade-insecure-requests
1 < Cross-Origin-Embedder-Policy: require-corp
1 < Cross-Origin-Opener-Policy: same-origin
1 < Cross-Origin-Resource-Policy: same-origin
1 < X-DNS-Prefetch-Control: off
1 < X-Frame-Options: SAMEORIGIN
1 < X-Frame-Options: SAMEORIGIN
1 < Strict-Transport-Security: max-age=31536000; includeSubDomains
1 < Strict-Transport-Security: max-age=432000; includeSubDomains
1 < X-Download-Options: noopen
1 < X-Content-Type-Options: nosniff
1 < X-Content-Type-Options: nosniff
1 < Origin-Agent-Cluster: ?1
1 < X-Permitted-Cross-Domain-Policies: none
1 < Referrer-Policy: no-referrer
1 < X-XSS-Protection: 0
1 < X-XSS-Protection: 1; mode=block
1 < X-Powered-By: Express
1 < vary: Accept-Encoding
1 < vary: Origin
1 < X-Kong-Upstream-Latency: 22
1 < X-Kong-Proxy-Latency: 1
1 < Via: kong/2.7.0.0-enterprise-edition
{"result":{"status":"failed","statusCode":"PAY_1002","message":"Request expired."}}

14:53:12.591 [main] INFO  com.intuit.karate - [print] {
  "result": {
    "status": "failed",
    "statusCode": "PAY_1002",
    "message": "Request expired."
  }
}
 
14:53:14.303 [main] DEBUG com.intuit.karate.Suite - [config] classpath:karate-config.js
14:55:25.825 [main] DEBUG com.intuit.karate.Suite - [config] classpath:karate-config.js
14:55:26.957 [main] INFO  com.intuit.karate - karate.env system property was: null 
14:55:27.368 [main] DEBUG com.intuit.karate - request:
1 > POST https://apitest.livquik.com/api/v1/bnpl/processPayment
1 > Content-Type: application/json; charset=UTF-8
1 > Authorization: eyJhbGciOiJIUzI1NiIsInR5cCI6IkpXVCJ9.eyJtb2JpbGVOdW1iZXIiOiIrOTE4NzIyMDAwMDAzIiwiZGV2aWNlSWQiOiI5RjBENzE2Mi1GOTBFLTQxQjctODM1Ny04ODg5MUMzM0YwRUQiLCJjaGFubmVsIjoiYXBwIiwibWVyY2hhbnRJZCI6InVrQHdhZDdTaSIsImFtb3VudCI6IjYwIiwiY3VycmVuY3kiOiJJTlIiLCJtZXJjaGFudE9yZGVySWQiOiJLT1RBSy0xMjA5MDM1MzQzNTQzMTEiLCJjYWxsYmFja1VybCI6Imh0dHBzOi8vbG9jYWxob3N0OjgwMDAvYXBpL3Byb2Nlc3NQYXltZW50IiwiZW1pU3VidmVudGlvbiI6ZmFsc2UsImVtaVRyYW5zYWN0aW9uIjpmYWxzZSwicGF5bWVudE1vZGUiOnsiYm5wbCI6W3sicGF5bWVudENoYW5uZWxJZCI6ImtvdGFrX2JucGxfY2FyZGxlc3NfKiIsImFtb3VudCI6IjYwIn1dfSwic291cmNlIjoic2VjdXJlLTJmciIsImlhdCI6MTY3NjU0NjI0MCwiZXhwIjoxNjc2NTQ3MTQwfQ.YJVpqqoXhNK6qvn5RQbJE-GX02Zve7vcc9FUKqc0_W0
1 > TENANT: KOTAK_BNPL
1 > public-key: Bearer cGtfbGl2ZV94NjIzRkpNZmFJbmk6c2tfbGl2ZV9xeUVwSUJaQWQxcG1aNk9oMklUOG43UjlmSzFVbmM2aEQ3VGtHSUxy
1 > User-Agent: PostmanRuntime/7.31.1
1 > Content-Length: 409
1 > Host: apitest.livquik.com
1 > Connection: Keep-Alive
1 > Accept-Encoding: gzip,deflate
{"mobileNumber":"+918722000003","deviceId":"9F0D7162-F90E-41B7-8357-88891C33F0ED","channel":"app","merchantId":"uk@wad7Si","amount":"60","currency":"INR","merchantOrderId":"KOTAK-120903534354311","callbackUrl":"https:\/\/localhost:8000\/api\/processPayment","emiSubvention":false,"emiTransaction":false,"paymentMode":{"bnpl":[{"paymentChannelId":"kotak_bnpl_cardless_*","amount":"60"}]},"source":"secure-2fr"}

14:55:27.691 [main] DEBUG com.intuit.karate - response time in milliseconds: 316
1 < 200
1 < Server: nginx
1 < Date: Sat, 11 Mar 2023 09:25:29 GMT
1 < Content-Type: application/json
1 < Transfer-Encoding: chunked
1 < Connection: keep-alive
1 < Vary: Accept-Encoding
1 < Vary: Origin
1 < Content-Security-Policy: default-src 'self';base-uri 'self';font-src 'self' https: data:;form-action 'self';frame-ancestors 'self';img-src 'self' data:;object-src 'none';script-src 'self';script-src-attr 'none';style-src 'self' https: 'unsafe-inline';upgrade-insecure-requests
1 < Cross-Origin-Embedder-Policy: require-corp
1 < Cross-Origin-Opener-Policy: same-origin
1 < Cross-Origin-Resource-Policy: same-origin
1 < X-DNS-Prefetch-Control: off
1 < X-Frame-Options: SAMEORIGIN
1 < X-Frame-Options: SAMEORIGIN
1 < Strict-Transport-Security: max-age=31536000; includeSubDomains
1 < Strict-Transport-Security: max-age=432000; includeSubDomains
1 < X-Download-Options: noopen
1 < X-Content-Type-Options: nosniff
1 < X-Content-Type-Options: nosniff
1 < Origin-Agent-Cluster: ?1
1 < X-Permitted-Cross-Domain-Policies: none
1 < Referrer-Policy: no-referrer
1 < X-XSS-Protection: 0
1 < X-XSS-Protection: 1; mode=block
1 < X-Powered-By: Express
1 < vary: Accept-Encoding
1 < vary: Origin
1 < X-Kong-Upstream-Latency: 10
1 < X-Kong-Proxy-Latency: 2
1 < Via: kong/2.7.0.0-enterprise-edition
{"result":{"status":"failed","statusCode":"PAY_1002","message":"Request expired."}}

14:55:27.744 [main] INFO  com.intuit.karate - [print] {
  "result": {
    "status": "failed",
    "statusCode": "PAY_1002",
    "message": "Request expired."
  }
}
 
14:55:36.443 [main] DEBUG com.intuit.karate.Suite - [config] classpath:karate-config.js
14:55:37.711 [main] INFO  com.intuit.karate - karate.env system property was: null 
14:55:38.207 [main] DEBUG com.intuit.karate - request:
1 > POST https://apitest.livquik.com/api/v1/bnpl/processPayment
1 > Content-Type: application/json; charset=UTF-8
1 > Authorization: eyJhbGciOiJIUzI1NiIsInR5cCI6IkpXVCJ9.eyJtb2JpbGVOdW1iZXIiOiIrOTE4NzIyMDAwMDAzIiwiZGV2aWNlSWQiOiI5RjBENzE2Mi1GOTBFLTQxQjctODM1Ny04ODg5MUMzM0YwRUQiLCJjaGFubmVsIjoiYXBwIiwibWVyY2hhbnRJZCI6InVrQHdhZDdTaSIsImFtb3VudCI6IjYwIiwiY3VycmVuY3kiOiJJTlIiLCJtZXJjaGFudE9yZGVySWQiOiJLT1RBSy0xMjA5MDM1MzQzNTQzMTEiLCJjYWxsYmFja1VybCI6Imh0dHBzOi8vbG9jYWxob3N0OjgwMDAvYXBpL3Byb2Nlc3NQYXltZW50IiwiZW1pU3VidmVudGlvbiI6ZmFsc2UsImVtaVRyYW5zYWN0aW9uIjpmYWxzZSwicGF5bWVudE1vZGUiOnsiYm5wbCI6W3sicGF5bWVudENoYW5uZWxJZCI6ImtvdGFrX2JucGxfY2FyZGxlc3NfKiIsImFtb3VudCI6IjYwIn1dfSwic291cmNlIjoic2VjdXJlLTJmciIsImlhdCI6MTY3NjU0NjI0MCwiZXhwIjoxNjc2NTQ3MTQwfQ.YJVpqqoXhNK6qvn5RQbJE-GX02Zve7vcc9FUKqc0_W0
1 > TENANT: KOTAK_BNPL
1 > public-key: Bearer cGtfbGl2ZV94NjIzRkpNZmFJbmk6c2tfbGl2ZV9xeUVwSUJaQWQxcG1aNk9oMklUOG43UjlmSzFVbmM2aEQ3VGtHSUxy
1 > User-Agent: PostmanRuntime/7.31.1
1 > Content-Length: 409
1 > Host: apitest.livquik.com
1 > Connection: Keep-Alive
1 > Accept-Encoding: gzip,deflate
{"mobileNumber":"+918722000003","deviceId":"9F0D7162-F90E-41B7-8357-88891C33F0ED","channel":"app","merchantId":"uk@wad7Si","amount":"60","currency":"INR","merchantOrderId":"KOTAK-120903534354311","callbackUrl":"https:\/\/localhost:8000\/api\/processPayment","emiSubvention":false,"emiTransaction":false,"paymentMode":{"bnpl":[{"paymentChannelId":"kotak_bnpl_cardless_*","amount":"60"}]},"source":"secure-2fr"}

14:55:38.592 [main] DEBUG com.intuit.karate - response time in milliseconds: 379
1 < 200
1 < Server: nginx
1 < Date: Sat, 11 Mar 2023 09:25:40 GMT
1 < Content-Type: application/json
1 < Transfer-Encoding: chunked
1 < Connection: keep-alive
1 < Vary: Accept-Encoding
1 < Vary: Origin
1 < Content-Security-Policy: default-src 'self';base-uri 'self';font-src 'self' https: data:;form-action 'self';frame-ancestors 'self';img-src 'self' data:;object-src 'none';script-src 'self';script-src-attr 'none';style-src 'self' https: 'unsafe-inline';upgrade-insecure-requests
1 < Cross-Origin-Embedder-Policy: require-corp
1 < Cross-Origin-Opener-Policy: same-origin
1 < Cross-Origin-Resource-Policy: same-origin
1 < X-DNS-Prefetch-Control: off
1 < X-Frame-Options: SAMEORIGIN
1 < X-Frame-Options: SAMEORIGIN
1 < Strict-Transport-Security: max-age=31536000; includeSubDomains
1 < Strict-Transport-Security: max-age=432000; includeSubDomains
1 < X-Download-Options: noopen
1 < X-Content-Type-Options: nosniff
1 < X-Content-Type-Options: nosniff
1 < Origin-Agent-Cluster: ?1
1 < X-Permitted-Cross-Domain-Policies: none
1 < Referrer-Policy: no-referrer
1 < X-XSS-Protection: 0
1 < X-XSS-Protection: 1; mode=block
1 < X-Powered-By: Express
1 < vary: Accept-Encoding
1 < vary: Origin
1 < X-Kong-Upstream-Latency: 7
1 < X-Kong-Proxy-Latency: 2
1 < Via: kong/2.7.0.0-enterprise-edition
{"result":{"status":"failed","statusCode":"PAY_1002","message":"Request expired."}}

14:55:38.622 [main] INFO  com.intuit.karate - [print] {
  "result": {
    "status": "failed",
    "statusCode": "PAY_1002",
    "message": "Request expired."
  }
}
 
15:02:35.050 [main] DEBUG com.intuit.karate.Suite - [config] classpath:karate-config.js
15:02:36.879 [main] INFO  com.intuit.karate - karate.env system property was: null 
15:02:37.459 [main] DEBUG com.intuit.karate - request:
1 > POST https://apitest.livquik.com/api/v1/bnpl/processPayment
1 > Content-Type: application/json; charset=UTF-8
1 > Authorization: eyJhbGciOiJIUzI1NiIsInR5cCI6IkpXVCJ9.eyJtb2JpbGVOdW1iZXIiOiIrOTE4NzIyMDAwMDAzIiwiZGV2aWNlSWQiOiI5RjBENzE2Mi1GOTBFLTQxQjctODM1Ny04ODg5MUMzM0YwRUQiLCJjaGFubmVsIjoiYXBwIiwibWVyY2hhbnRJZCI6InVrQHdhZDdTaSIsImFtb3VudCI6IjYwIiwiY3VycmVuY3kiOiJJTlIiLCJtZXJjaGFudE9yZGVySWQiOiJLT1RBSy0xMjA5MDM1MzQzNTQzMTEiLCJjYWxsYmFja1VybCI6Imh0dHBzOi8vbG9jYWxob3N0OjgwMDAvYXBpL3Byb2Nlc3NQYXltZW50IiwiZW1pU3VidmVudGlvbiI6ZmFsc2UsImVtaVRyYW5zYWN0aW9uIjpmYWxzZSwicGF5bWVudE1vZGUiOnsiYm5wbCI6W3sicGF5bWVudENoYW5uZWxJZCI6ImtvdGFrX2JucGxfY2FyZGxlc3NfKiIsImFtb3VudCI6IjYwIn1dfSwic291cmNlIjoic2VjdXJlLTJmciIsImlhdCI6MTY3NjU0NjI0MCwiZXhwIjoxNjc2NTQ3MTQwfQ.YJVpqqoXhNK6qvn5RQbJE-GX02Zve7vcc9FUKqc0_W0
1 > TENANT: KOTAK_BNPL
1 > public-key: Bearer cGtfbGl2ZV94NjIzRkpNZmFJbmk6c2tfbGl2ZV9xeUVwSUJaQWQxcG1aNk9oMklUOG43UjlmSzFVbmM2aEQ3VGtHSUxy
1 > User-Agent: PostmanRuntime/7.31.1
1 > Content-Length: 409
1 > Host: apitest.livquik.com
1 > Connection: Keep-Alive
1 > Accept-Encoding: gzip,deflate
{"mobileNumber":"+918722000003","deviceId":"9F0D7162-F90E-41B7-8357-88891C33F0ED","channel":"app","merchantId":"uk@wad7Si","amount":"60","currency":"INR","merchantOrderId":"KOTAK-120903534354311","callbackUrl":"https:\/\/localhost:8000\/api\/processPayment","emiSubvention":false,"emiTransaction":false,"paymentMode":{"bnpl":[{"paymentChannelId":"kotak_bnpl_cardless_*","amount":"60"}]},"source":"secure-2fr"}

15:02:37.783 [main] DEBUG com.intuit.karate - response time in milliseconds: 321
1 < 200
1 < Server: nginx
1 < Date: Sat, 11 Mar 2023 09:32:39 GMT
1 < Content-Type: application/json
1 < Transfer-Encoding: chunked
1 < Connection: keep-alive
1 < Vary: Accept-Encoding
1 < Vary: Origin
1 < Content-Security-Policy: default-src 'self';base-uri 'self';font-src 'self' https: data:;form-action 'self';frame-ancestors 'self';img-src 'self' data:;object-src 'none';script-src 'self';script-src-attr 'none';style-src 'self' https: 'unsafe-inline';upgrade-insecure-requests
1 < Cross-Origin-Embedder-Policy: require-corp
1 < Cross-Origin-Opener-Policy: same-origin
1 < Cross-Origin-Resource-Policy: same-origin
1 < X-DNS-Prefetch-Control: off
1 < X-Frame-Options: SAMEORIGIN
1 < X-Frame-Options: SAMEORIGIN
1 < Strict-Transport-Security: max-age=31536000; includeSubDomains
1 < Strict-Transport-Security: max-age=432000; includeSubDomains
1 < X-Download-Options: noopen
1 < X-Content-Type-Options: nosniff
1 < X-Content-Type-Options: nosniff
1 < Origin-Agent-Cluster: ?1
1 < X-Permitted-Cross-Domain-Policies: none
1 < Referrer-Policy: no-referrer
1 < X-XSS-Protection: 0
1 < X-XSS-Protection: 1; mode=block
1 < X-Powered-By: Express
1 < vary: Accept-Encoding
1 < vary: Origin
1 < X-Kong-Upstream-Latency: 9
1 < X-Kong-Proxy-Latency: 1
1 < Via: kong/2.7.0.0-enterprise-edition
{"result":{"status":"failed","statusCode":"PAY_1002","message":"Request expired."}}

15:02:37.813 [main] INFO  com.intuit.karate - [print] {
  "result": {
    "status": "failed",
    "statusCode": "PAY_1002",
    "message": "Request expired."
  }
}
 
15:02:46.622 [main] DEBUG com.intuit.karate.Suite - [config] classpath:karate-config.js
15:02:47.923 [main] INFO  com.intuit.karate - karate.env system property was: null 
15:02:48.426 [main] DEBUG com.intuit.karate - request:
1 > POST https://apitest.livquik.com/api/v1/bnpl/processPayment
1 > Content-Type: application/json; charset=UTF-8
1 > Authorization: eyJhbGciOiJIUzI1NiIsInR5cCI6IkpXVCJ9.eyJtb2JpbGVOdW1iZXIiOiIrOTE4NzIyMDAwMDAzIiwiZGV2aWNlSWQiOiI5RjBENzE2Mi1GOTBFLTQxQjctODM1Ny04ODg5MUMzM0YwRUQiLCJjaGFubmVsIjoiYXBwIiwibWVyY2hhbnRJZCI6InVrQHdhZDdTaSIsImFtb3VudCI6IjYwIiwiY3VycmVuY3kiOiJJTlIiLCJtZXJjaGFudE9yZGVySWQiOiJLT1RBSy0xMjA5MDM1MzQzNTQzMTEiLCJjYWxsYmFja1VybCI6Imh0dHBzOi8vbG9jYWxob3N0OjgwMDAvYXBpL3Byb2Nlc3NQYXltZW50IiwiZW1pU3VidmVudGlvbiI6ZmFsc2UsImVtaVRyYW5zYWN0aW9uIjpmYWxzZSwicGF5bWVudE1vZGUiOnsiYm5wbCI6W3sicGF5bWVudENoYW5uZWxJZCI6ImtvdGFrX2JucGxfY2FyZGxlc3NfKiIsImFtb3VudCI6IjYwIn1dfSwic291cmNlIjoic2VjdXJlLTJmciIsImlhdCI6MTY3NjU0NjI0MCwiZXhwIjoxNjc2NTQ3MTQwfQ.YJVpqqoXhNK6qvn5RQbJE-GX02Zve7vcc9FUKqc0_W0
1 > TENANT: KOTAK_BNPL
1 > public-key: Bearer cGtfbGl2ZV94NjIzRkpNZmFJbmk6c2tfbGl2ZV9xeUVwSUJaQWQxcG1aNk9oMklUOG43UjlmSzFVbmM2aEQ3VGtHSUxy
1 > User-Agent: PostmanRuntime/7.31.1
1 > Content-Length: 409
1 > Host: apitest.livquik.com
1 > Connection: Keep-Alive
1 > Accept-Encoding: gzip,deflate
{"mobileNumber":"+918722000003","deviceId":"9F0D7162-F90E-41B7-8357-88891C33F0ED","channel":"app","merchantId":"uk@wad7Si","amount":"60","currency":"INR","merchantOrderId":"KOTAK-120903534354311","callbackUrl":"https:\/\/localhost:8000\/api\/processPayment","emiSubvention":false,"emiTransaction":false,"paymentMode":{"bnpl":[{"paymentChannelId":"kotak_bnpl_cardless_*","amount":"60"}]},"source":"secure-2fr"}

15:02:48.934 [main] DEBUG com.intuit.karate - response time in milliseconds: 500
1 < 200
1 < Server: nginx
1 < Date: Sat, 11 Mar 2023 09:32:50 GMT
1 < Content-Type: application/json
1 < Transfer-Encoding: chunked
1 < Connection: keep-alive
1 < Vary: Accept-Encoding
1 < Vary: Origin
1 < Content-Security-Policy: default-src 'self';base-uri 'self';font-src 'self' https: data:;form-action 'self';frame-ancestors 'self';img-src 'self' data:;object-src 'none';script-src 'self';script-src-attr 'none';style-src 'self' https: 'unsafe-inline';upgrade-insecure-requests
1 < Cross-Origin-Embedder-Policy: require-corp
1 < Cross-Origin-Opener-Policy: same-origin
1 < Cross-Origin-Resource-Policy: same-origin
1 < X-DNS-Prefetch-Control: off
1 < X-Frame-Options: SAMEORIGIN
1 < X-Frame-Options: SAMEORIGIN
1 < Strict-Transport-Security: max-age=31536000; includeSubDomains
1 < Strict-Transport-Security: max-age=432000; includeSubDomains
1 < X-Download-Options: noopen
1 < X-Content-Type-Options: nosniff
1 < X-Content-Type-Options: nosniff
1 < Origin-Agent-Cluster: ?1
1 < X-Permitted-Cross-Domain-Policies: none
1 < Referrer-Policy: no-referrer
1 < X-XSS-Protection: 0
1 < X-XSS-Protection: 1; mode=block
1 < X-Powered-By: Express
1 < vary: Accept-Encoding
1 < vary: Origin
1 < X-Kong-Upstream-Latency: 7
1 < X-Kong-Proxy-Latency: 1
1 < Via: kong/2.7.0.0-enterprise-edition
{"result":{"status":"failed","statusCode":"PAY_1002","message":"Request expired."}}

15:02:48.999 [main] INFO  com.intuit.karate - [print] {
  "result": {
    "status": "failed",
    "statusCode": "PAY_1002",
    "message": "Request expired."
  }
}
 
15:05:02.293 [main] DEBUG com.intuit.karate.Suite - [config] classpath:karate-config.js
15:05:03.564 [main] INFO  com.intuit.karate - karate.env system property was: null 
15:05:04.055 [main] DEBUG com.intuit.karate - request:
1 > POST https://apitest.livquik.com/api/v1/bnpl/processPayment
1 > Content-Type: application/json; charset=UTF-8
1 > Authorization: eyJhbGciOiJIUzI1NiIsInR5cCI6IkpXVCJ9.eyJtb2JpbGVOdW1iZXIiOiIrOTE4NzIyMDAwMDAzIiwiZGV2aWNlSWQiOiI5RjBENzE2Mi1GOTBFLTQxQjctODM1Ny04ODg5MUMzM0YwRUQiLCJjaGFubmVsIjoiYXBwIiwibWVyY2hhbnRJZCI6InVrQHdhZDdTaSIsImFtb3VudCI6IjYwIiwiY3VycmVuY3kiOiJJTlIiLCJtZXJjaGFudE9yZGVySWQiOiJLT1RBSy0xMjA5MDM1MzQzNTQzMTEiLCJjYWxsYmFja1VybCI6Imh0dHBzOi8vbG9jYWxob3N0OjgwMDAvYXBpL3Byb2Nlc3NQYXltZW50IiwiZW1pU3VidmVudGlvbiI6ZmFsc2UsImVtaVRyYW5zYWN0aW9uIjpmYWxzZSwicGF5bWVudE1vZGUiOnsiYm5wbCI6W3sicGF5bWVudENoYW5uZWxJZCI6ImtvdGFrX2JucGxfY2FyZGxlc3NfKiIsImFtb3VudCI6IjYwIn1dfSwic291cmNlIjoic2VjdXJlLTJmciIsImlhdCI6MTY3NjU0NjI0MCwiZXhwIjoxNjc2NTQ3MTQwfQ.YJVpqqoXhNK6qvn5RQbJE-GX02Zve7vcc9FUKqc0_W0
1 > TENANT: KOTAK_BNPL
1 > public-key: Bearer cGtfbGl2ZV94NjIzRkpNZmFJbmk6c2tfbGl2ZV9xeUVwSUJaQWQxcG1aNk9oMklUOG43UjlmSzFVbmM2aEQ3VGtHSUxy
1 > User-Agent: PostmanRuntime/7.31.1
1 > Content-Length: 409
1 > Host: apitest.livquik.com
1 > Connection: Keep-Alive
1 > Accept-Encoding: gzip,deflate
{"mobileNumber":"+918722000003","deviceId":"9F0D7162-F90E-41B7-8357-88891C33F0ED","channel":"app","merchantId":"uk@wad7Si","amount":"60","currency":"INR","merchantOrderId":"KOTAK-120903534354311","callbackUrl":"https:\/\/localhost:8000\/api\/processPayment","emiSubvention":false,"emiTransaction":false,"paymentMode":{"bnpl":[{"paymentChannelId":"kotak_bnpl_cardless_*","amount":"60"}]},"source":"secure-2fr"}

15:05:04.408 [main] DEBUG com.intuit.karate - response time in milliseconds: 351
1 < 200
1 < Server: nginx
1 < Date: Sat, 11 Mar 2023 09:35:06 GMT
1 < Content-Type: application/json
1 < Transfer-Encoding: chunked
1 < Connection: keep-alive
1 < Vary: Accept-Encoding
1 < Vary: Origin
1 < Content-Security-Policy: default-src 'self';base-uri 'self';font-src 'self' https: data:;form-action 'self';frame-ancestors 'self';img-src 'self' data:;object-src 'none';script-src 'self';script-src-attr 'none';style-src 'self' https: 'unsafe-inline';upgrade-insecure-requests
1 < Cross-Origin-Embedder-Policy: require-corp
1 < Cross-Origin-Opener-Policy: same-origin
1 < Cross-Origin-Resource-Policy: same-origin
1 < X-DNS-Prefetch-Control: off
1 < X-Frame-Options: SAMEORIGIN
1 < X-Frame-Options: SAMEORIGIN
1 < Strict-Transport-Security: max-age=31536000; includeSubDomains
1 < Strict-Transport-Security: max-age=432000; includeSubDomains
1 < X-Download-Options: noopen
1 < X-Content-Type-Options: nosniff
1 < X-Content-Type-Options: nosniff
1 < Origin-Agent-Cluster: ?1
1 < X-Permitted-Cross-Domain-Policies: none
1 < Referrer-Policy: no-referrer
1 < X-XSS-Protection: 0
1 < X-XSS-Protection: 1; mode=block
1 < X-Powered-By: Express
1 < vary: Accept-Encoding
1 < vary: Origin
1 < X-Kong-Upstream-Latency: 8
1 < X-Kong-Proxy-Latency: 2
1 < Via: kong/2.7.0.0-enterprise-edition
{"result":{"status":"failed","statusCode":"PAY_1002","message":"Request expired."}}

15:05:04.434 [main] INFO  com.intuit.karate - [print] {
  "result": {
    "status": "failed",
    "statusCode": "PAY_1002",
    "message": "Request expired."
  }
}
 
15:05:13.191 [main] DEBUG com.intuit.karate.Suite - [config] classpath:karate-config.js
15:05:14.474 [main] INFO  com.intuit.karate - karate.env system property was: null 
15:05:14.944 [main] DEBUG com.intuit.karate - request:
1 > POST https://apitest.livquik.com/api/v1/bnpl/processPayment
1 > Content-Type: application/json; charset=UTF-8
1 > Authorization: eyJhbGciOiJIUzI1NiIsInR5cCI6IkpXVCJ9.eyJtb2JpbGVOdW1iZXIiOiIrOTE4NzIyMDAwMDAzIiwiZGV2aWNlSWQiOiI5RjBENzE2Mi1GOTBFLTQxQjctODM1Ny04ODg5MUMzM0YwRUQiLCJjaGFubmVsIjoiYXBwIiwibWVyY2hhbnRJZCI6InVrQHdhZDdTaSIsImFtb3VudCI6IjYwIiwiY3VycmVuY3kiOiJJTlIiLCJtZXJjaGFudE9yZGVySWQiOiJLT1RBSy0xMjA5MDM1MzQzNTQzMTEiLCJjYWxsYmFja1VybCI6Imh0dHBzOi8vbG9jYWxob3N0OjgwMDAvYXBpL3Byb2Nlc3NQYXltZW50IiwiZW1pU3VidmVudGlvbiI6ZmFsc2UsImVtaVRyYW5zYWN0aW9uIjpmYWxzZSwicGF5bWVudE1vZGUiOnsiYm5wbCI6W3sicGF5bWVudENoYW5uZWxJZCI6ImtvdGFrX2JucGxfY2FyZGxlc3NfKiIsImFtb3VudCI6IjYwIn1dfSwic291cmNlIjoic2VjdXJlLTJmciIsImlhdCI6MTY3NjU0NjI0MCwiZXhwIjoxNjc2NTQ3MTQwfQ.YJVpqqoXhNK6qvn5RQbJE-GX02Zve7vcc9FUKqc0_W0
1 > TENANT: KOTAK_BNPL
1 > public-key: Bearer cGtfbGl2ZV94NjIzRkpNZmFJbmk6c2tfbGl2ZV9xeUVwSUJaQWQxcG1aNk9oMklUOG43UjlmSzFVbmM2aEQ3VGtHSUxy
1 > User-Agent: PostmanRuntime/7.31.1
1 > Content-Length: 409
1 > Host: apitest.livquik.com
1 > Connection: Keep-Alive
1 > Accept-Encoding: gzip,deflate
{"mobileNumber":"+918722000003","deviceId":"9F0D7162-F90E-41B7-8357-88891C33F0ED","channel":"app","merchantId":"uk@wad7Si","amount":"60","currency":"INR","merchantOrderId":"KOTAK-120903534354311","callbackUrl":"https:\/\/localhost:8000\/api\/processPayment","emiSubvention":false,"emiTransaction":false,"paymentMode":{"bnpl":[{"paymentChannelId":"kotak_bnpl_cardless_*","amount":"60"}]},"source":"secure-2fr"}

15:05:15.297 [main] DEBUG com.intuit.karate - response time in milliseconds: 350
1 < 200
1 < Server: nginx
1 < Date: Sat, 11 Mar 2023 09:35:16 GMT
1 < Content-Type: application/json
1 < Transfer-Encoding: chunked
1 < Connection: keep-alive
1 < Vary: Accept-Encoding
1 < Vary: Origin
1 < Content-Security-Policy: default-src 'self';base-uri 'self';font-src 'self' https: data:;form-action 'self';frame-ancestors 'self';img-src 'self' data:;object-src 'none';script-src 'self';script-src-attr 'none';style-src 'self' https: 'unsafe-inline';upgrade-insecure-requests
1 < Cross-Origin-Embedder-Policy: require-corp
1 < Cross-Origin-Opener-Policy: same-origin
1 < Cross-Origin-Resource-Policy: same-origin
1 < X-DNS-Prefetch-Control: off
1 < X-Frame-Options: SAMEORIGIN
1 < X-Frame-Options: SAMEORIGIN
1 < Strict-Transport-Security: max-age=31536000; includeSubDomains
1 < Strict-Transport-Security: max-age=432000; includeSubDomains
1 < X-Download-Options: noopen
1 < X-Content-Type-Options: nosniff
1 < X-Content-Type-Options: nosniff
1 < Origin-Agent-Cluster: ?1
1 < X-Permitted-Cross-Domain-Policies: none
1 < Referrer-Policy: no-referrer
1 < X-XSS-Protection: 0
1 < X-XSS-Protection: 1; mode=block
1 < X-Powered-By: Express
1 < vary: Accept-Encoding
1 < vary: Origin
1 < X-Kong-Upstream-Latency: 6
1 < X-Kong-Proxy-Latency: 1
1 < Via: kong/2.7.0.0-enterprise-edition
{"result":{"status":"failed","statusCode":"PAY_1002","message":"Request expired."}}

15:05:15.331 [main] INFO  com.intuit.karate - [print] {
  "result": {
    "status": "failed",
    "statusCode": "PAY_1002",
    "message": "Request expired."
  }
}
 
15:22:22.643 [main] DEBUG com.intuit.karate.Suite - [config] classpath:karate-config.js
15:22:23.795 [main] INFO  com.intuit.karate - karate.env system property was: null 
15:22:24.242 [main] DEBUG com.intuit.karate - request:
1 > POST https://apitest.livquik.com/api/v1/bnpl/processPayment
1 > Content-Type: application/json; charset=UTF-8
1 > Authorization: eyJhbGciOiJIUzI1NiIsInR5cCI6IkpXVCJ9.eyJtb2JpbGVOdW1iZXIiOiIrOTE4NzIyMDAwMDAzIiwiZGV2aWNlSWQiOiI5RjBENzE2Mi1GOTBFLTQxQjctODM1Ny04ODg5MUMzM0YwRUQiLCJjaGFubmVsIjoiYXBwIiwibWVyY2hhbnRJZCI6InVrQHdhZDdTaSIsImFtb3VudCI6IjYwIiwiY3VycmVuY3kiOiJJTlIiLCJtZXJjaGFudE9yZGVySWQiOiJLT1RBSy0xMjA5MDM1MzQzNTQzMTEiLCJjYWxsYmFja1VybCI6Imh0dHBzOi8vbG9jYWxob3N0OjgwMDAvYXBpL3Byb2Nlc3NQYXltZW50IiwiZW1pU3VidmVudGlvbiI6ZmFsc2UsImVtaVRyYW5zYWN0aW9uIjpmYWxzZSwicGF5bWVudE1vZGUiOnsiYm5wbCI6W3sicGF5bWVudENoYW5uZWxJZCI6ImtvdGFrX2JucGxfY2FyZGxlc3NfKiIsImFtb3VudCI6IjYwIn1dfSwic291cmNlIjoic2VjdXJlLTJmciIsImlhdCI6MTY3NjU0NjI0MCwiZXhwIjoxNjc2NTQ3MTQwfQ.YJVpqqoXhNK6qvn5RQbJE-GX02Zve7vcc9FUKqc0_W0
1 > TENANT: KOTAK_BNPL
1 > public-key: Bearer cGtfbGl2ZV94NjIzRkpNZmFJbmk6c2tfbGl2ZV9xeUVwSUJaQWQxcG1aNk9oMklUOG43UjlmSzFVbmM2aEQ3VGtHSUxy
1 > User-Agent: PostmanRuntime/7.31.1
1 > Content-Length: 409
1 > Host: apitest.livquik.com
1 > Connection: Keep-Alive
1 > Accept-Encoding: gzip,deflate
{"mobileNumber":"+918722000003","deviceId":"9F0D7162-F90E-41B7-8357-88891C33F0ED","channel":"app","merchantId":"uk@wad7Si","amount":"60","currency":"INR","merchantOrderId":"KOTAK-120903534354311","callbackUrl":"https:\/\/localhost:8000\/api\/processPayment","emiSubvention":false,"emiTransaction":false,"paymentMode":{"bnpl":[{"paymentChannelId":"kotak_bnpl_cardless_*","amount":"60"}]},"source":"secure-2fr"}

15:22:24.584 [main] DEBUG com.intuit.karate - response time in milliseconds: 338
1 < 200
1 < Server: nginx
1 < Date: Sat, 11 Mar 2023 09:52:26 GMT
1 < Content-Type: application/json
1 < Transfer-Encoding: chunked
1 < Connection: keep-alive
1 < Vary: Accept-Encoding
1 < Vary: Origin
1 < Content-Security-Policy: default-src 'self';base-uri 'self';font-src 'self' https: data:;form-action 'self';frame-ancestors 'self';img-src 'self' data:;object-src 'none';script-src 'self';script-src-attr 'none';style-src 'self' https: 'unsafe-inline';upgrade-insecure-requests
1 < Cross-Origin-Embedder-Policy: require-corp
1 < Cross-Origin-Opener-Policy: same-origin
1 < Cross-Origin-Resource-Policy: same-origin
1 < X-DNS-Prefetch-Control: off
1 < X-Frame-Options: SAMEORIGIN
1 < X-Frame-Options: SAMEORIGIN
1 < Strict-Transport-Security: max-age=31536000; includeSubDomains
1 < Strict-Transport-Security: max-age=432000; includeSubDomains
1 < X-Download-Options: noopen
1 < X-Content-Type-Options: nosniff
1 < X-Content-Type-Options: nosniff
1 < Origin-Agent-Cluster: ?1
1 < X-Permitted-Cross-Domain-Policies: none
1 < Referrer-Policy: no-referrer
1 < X-XSS-Protection: 0
1 < X-XSS-Protection: 1; mode=block
1 < X-Powered-By: Express
1 < vary: Accept-Encoding
1 < vary: Origin
1 < X-Kong-Upstream-Latency: 9
1 < X-Kong-Proxy-Latency: 5
1 < Via: kong/2.7.0.0-enterprise-edition
{"result":{"status":"failed","statusCode":"PAY_1002","message":"Request expired."}}

15:22:24.609 [main] INFO  com.intuit.karate - [print] {
  "result": {
    "status": "failed",
    "statusCode": "PAY_1002",
    "message": "Request expired."
  }
}
 
15:22:32.830 [main] DEBUG com.intuit.karate.Suite - [config] classpath:karate-config.js
15:22:33.954 [main] INFO  com.intuit.karate - karate.env system property was: null 
15:22:34.421 [main] DEBUG com.intuit.karate - request:
1 > POST https://apitest.livquik.com/api/v1/bnpl/processPayment
1 > Content-Type: application/json; charset=UTF-8
1 > Authorization: eyJhbGciOiJIUzI1NiIsInR5cCI6IkpXVCJ9.eyJtb2JpbGVOdW1iZXIiOiIrOTE4NzIyMDAwMDAzIiwiZGV2aWNlSWQiOiI5RjBENzE2Mi1GOTBFLTQxQjctODM1Ny04ODg5MUMzM0YwRUQiLCJjaGFubmVsIjoiYXBwIiwibWVyY2hhbnRJZCI6InVrQHdhZDdTaSIsImFtb3VudCI6IjYwIiwiY3VycmVuY3kiOiJJTlIiLCJtZXJjaGFudE9yZGVySWQiOiJLT1RBSy0xMjA5MDM1MzQzNTQzMTEiLCJjYWxsYmFja1VybCI6Imh0dHBzOi8vbG9jYWxob3N0OjgwMDAvYXBpL3Byb2Nlc3NQYXltZW50IiwiZW1pU3VidmVudGlvbiI6ZmFsc2UsImVtaVRyYW5zYWN0aW9uIjpmYWxzZSwicGF5bWVudE1vZGUiOnsiYm5wbCI6W3sicGF5bWVudENoYW5uZWxJZCI6ImtvdGFrX2JucGxfY2FyZGxlc3NfKiIsImFtb3VudCI6IjYwIn1dfSwic291cmNlIjoic2VjdXJlLTJmciIsImlhdCI6MTY3NjU0NjI0MCwiZXhwIjoxNjc2NTQ3MTQwfQ.YJVpqqoXhNK6qvn5RQbJE-GX02Zve7vcc9FUKqc0_W0
1 > TENANT: KOTAK_BNPL
1 > public-key: Bearer cGtfbGl2ZV94NjIzRkpNZmFJbmk6c2tfbGl2ZV9xeUVwSUJaQWQxcG1aNk9oMklUOG43UjlmSzFVbmM2aEQ3VGtHSUxy
1 > User-Agent: PostmanRuntime/7.31.1
1 > Content-Length: 409
1 > Host: apitest.livquik.com
1 > Connection: Keep-Alive
1 > Accept-Encoding: gzip,deflate
{"mobileNumber":"+918722000003","deviceId":"9F0D7162-F90E-41B7-8357-88891C33F0ED","channel":"app","merchantId":"uk@wad7Si","amount":"60","currency":"INR","merchantOrderId":"KOTAK-120903534354311","callbackUrl":"https:\/\/localhost:8000\/api\/processPayment","emiSubvention":false,"emiTransaction":false,"paymentMode":{"bnpl":[{"paymentChannelId":"kotak_bnpl_cardless_*","amount":"60"}]},"source":"secure-2fr"}

15:22:34.766 [main] DEBUG com.intuit.karate - response time in milliseconds: 342
1 < 200
1 < Server: nginx
1 < Date: Sat, 11 Mar 2023 09:52:36 GMT
1 < Content-Type: application/json
1 < Transfer-Encoding: chunked
1 < Connection: keep-alive
1 < Vary: Accept-Encoding
1 < Vary: Origin
1 < Content-Security-Policy: default-src 'self';base-uri 'self';font-src 'self' https: data:;form-action 'self';frame-ancestors 'self';img-src 'self' data:;object-src 'none';script-src 'self';script-src-attr 'none';style-src 'self' https: 'unsafe-inline';upgrade-insecure-requests
1 < Cross-Origin-Embedder-Policy: require-corp
1 < Cross-Origin-Opener-Policy: same-origin
1 < Cross-Origin-Resource-Policy: same-origin
1 < X-DNS-Prefetch-Control: off
1 < X-Frame-Options: SAMEORIGIN
1 < X-Frame-Options: SAMEORIGIN
1 < Strict-Transport-Security: max-age=31536000; includeSubDomains
1 < Strict-Transport-Security: max-age=432000; includeSubDomains
1 < X-Download-Options: noopen
1 < X-Content-Type-Options: nosniff
1 < X-Content-Type-Options: nosniff
1 < Origin-Agent-Cluster: ?1
1 < X-Permitted-Cross-Domain-Policies: none
1 < Referrer-Policy: no-referrer
1 < X-XSS-Protection: 0
1 < X-XSS-Protection: 1; mode=block
1 < X-Powered-By: Express
1 < vary: Accept-Encoding
1 < vary: Origin
1 < X-Kong-Upstream-Latency: 6
1 < X-Kong-Proxy-Latency: 1
1 < Via: kong/2.7.0.0-enterprise-edition
{"result":{"status":"failed","statusCode":"PAY_1002","message":"Request expired."}}

15:22:34.797 [main] INFO  com.intuit.karate - [print] {
  "result": {
    "status": "failed",
    "statusCode": "PAY_1002",
    "message": "Request expired."
  }
}
 
15:25:01.687 [main] DEBUG com.intuit.karate.Suite - [config] classpath:karate-config.js
15:25:04.775 [main] INFO  com.intuit.karate - karate.env system property was: null 
15:25:05.252 [main] DEBUG com.intuit.karate - request:
1 > POST https://apitest.livquik.com/api/v1/bnpl/processPayment
1 > Content-Type: application/json; charset=UTF-8
1 > Authorization: eyJhbGciOiJIUzI1NiIsInR5cCI6IkpXVCJ9.eyJtb2JpbGVOdW1iZXIiOiIrOTE4NzIyMDAwMDAzIiwiZGV2aWNlSWQiOiI5RjBENzE2Mi1GOTBFLTQxQjctODM1Ny04ODg5MUMzM0YwRUQiLCJjaGFubmVsIjoiYXBwIiwibWVyY2hhbnRJZCI6InVrQHdhZDdTaSIsImFtb3VudCI6IjYwIiwiY3VycmVuY3kiOiJJTlIiLCJtZXJjaGFudE9yZGVySWQiOiJLT1RBSy0xMjA5MDM1MzQzNTQzMTEiLCJjYWxsYmFja1VybCI6Imh0dHBzOi8vbG9jYWxob3N0OjgwMDAvYXBpL3Byb2Nlc3NQYXltZW50IiwiZW1pU3VidmVudGlvbiI6ZmFsc2UsImVtaVRyYW5zYWN0aW9uIjpmYWxzZSwicGF5bWVudE1vZGUiOnsiYm5wbCI6W3sicGF5bWVudENoYW5uZWxJZCI6ImtvdGFrX2JucGxfY2FyZGxlc3NfKiIsImFtb3VudCI6IjYwIn1dfSwic291cmNlIjoic2VjdXJlLTJmciIsImlhdCI6MTY3NjU0NjI0MCwiZXhwIjoxNjc2NTQ3MTQwfQ.YJVpqqoXhNK6qvn5RQbJE-GX02Zve7vcc9FUKqc0_W0
1 > TENANT: KOTAK_BNPL
1 > public-key: Bearer cGtfbGl2ZV94NjIzRkpNZmFJbmk6c2tfbGl2ZV9xeUVwSUJaQWQxcG1aNk9oMklUOG43UjlmSzFVbmM2aEQ3VGtHSUxy
1 > User-Agent: PostmanRuntime/7.31.1
1 > Content-Length: 409
1 > Host: apitest.livquik.com
1 > Connection: Keep-Alive
1 > Accept-Encoding: gzip,deflate
{"mobileNumber":"+918722000003","deviceId":"9F0D7162-F90E-41B7-8357-88891C33F0ED","channel":"app","merchantId":"uk@wad7Si","amount":"60","currency":"INR","merchantOrderId":"KOTAK-120903534354311","callbackUrl":"https:\/\/localhost:8000\/api\/processPayment","emiSubvention":false,"emiTransaction":false,"paymentMode":{"bnpl":[{"paymentChannelId":"kotak_bnpl_cardless_*","amount":"60"}]},"source":"secure-2fr"}

15:25:05.620 [main] DEBUG com.intuit.karate - response time in milliseconds: 365
1 < 200
1 < Server: nginx
1 < Date: Sat, 11 Mar 2023 09:55:05 GMT
1 < Content-Type: application/json
1 < Transfer-Encoding: chunked
1 < Connection: keep-alive
1 < Vary: Accept-Encoding
1 < Vary: Origin
1 < Content-Security-Policy: default-src 'self';base-uri 'self';font-src 'self' https: data:;form-action 'self';frame-ancestors 'self';img-src 'self' data:;object-src 'none';script-src 'self';script-src-attr 'none';style-src 'self' https: 'unsafe-inline';upgrade-insecure-requests
1 < Cross-Origin-Embedder-Policy: require-corp
1 < Cross-Origin-Opener-Policy: same-origin
1 < Cross-Origin-Resource-Policy: same-origin
1 < X-DNS-Prefetch-Control: off
1 < X-Frame-Options: SAMEORIGIN
1 < X-Frame-Options: SAMEORIGIN
1 < Strict-Transport-Security: max-age=31536000; includeSubDomains
1 < Strict-Transport-Security: max-age=432000; includeSubDomains
1 < X-Download-Options: noopen
1 < X-Content-Type-Options: nosniff
1 < X-Content-Type-Options: nosniff
1 < Origin-Agent-Cluster: ?1
1 < X-Permitted-Cross-Domain-Policies: none
1 < Referrer-Policy: no-referrer
1 < X-XSS-Protection: 0
1 < X-XSS-Protection: 1; mode=block
1 < X-Powered-By: Express
1 < vary: Accept-Encoding
1 < vary: Origin
1 < X-Kong-Upstream-Latency: 7
1 < X-Kong-Proxy-Latency: 5
1 < Via: kong/2.7.0.0-enterprise-edition
{"result":{"status":"failed","statusCode":"PAY_1002","message":"Request expired."}}

15:25:05.653 [main] INFO  com.intuit.karate - [print] {
  "result": {
    "status": "failed",
    "statusCode": "PAY_1002",
    "message": "Request expired."
  }
}
 
15:25:15.168 [main] DEBUG com.intuit.karate.Suite - [config] classpath:karate-config.js
15:25:16.471 [main] INFO  com.intuit.karate - karate.env system property was: null 
15:25:16.965 [main] DEBUG com.intuit.karate - request:
1 > POST https://apitest.livquik.com/api/v1/bnpl/processPayment
1 > Content-Type: application/json; charset=UTF-8
1 > Authorization: eyJhbGciOiJIUzI1NiIsInR5cCI6IkpXVCJ9.eyJtb2JpbGVOdW1iZXIiOiIrOTE4NzIyMDAwMDAzIiwiZGV2aWNlSWQiOiI5RjBENzE2Mi1GOTBFLTQxQjctODM1Ny04ODg5MUMzM0YwRUQiLCJjaGFubmVsIjoiYXBwIiwibWVyY2hhbnRJZCI6InVrQHdhZDdTaSIsImFtb3VudCI6IjYwIiwiY3VycmVuY3kiOiJJTlIiLCJtZXJjaGFudE9yZGVySWQiOiJLT1RBSy0xMjA5MDM1MzQzNTQzMTEiLCJjYWxsYmFja1VybCI6Imh0dHBzOi8vbG9jYWxob3N0OjgwMDAvYXBpL3Byb2Nlc3NQYXltZW50IiwiZW1pU3VidmVudGlvbiI6ZmFsc2UsImVtaVRyYW5zYWN0aW9uIjpmYWxzZSwicGF5bWVudE1vZGUiOnsiYm5wbCI6W3sicGF5bWVudENoYW5uZWxJZCI6ImtvdGFrX2JucGxfY2FyZGxlc3NfKiIsImFtb3VudCI6IjYwIn1dfSwic291cmNlIjoic2VjdXJlLTJmciIsImlhdCI6MTY3NjU0NjI0MCwiZXhwIjoxNjc2NTQ3MTQwfQ.YJVpqqoXhNK6qvn5RQbJE-GX02Zve7vcc9FUKqc0_W0
1 > TENANT: KOTAK_BNPL
1 > public-key: Bearer cGtfbGl2ZV94NjIzRkpNZmFJbmk6c2tfbGl2ZV9xeUVwSUJaQWQxcG1aNk9oMklUOG43UjlmSzFVbmM2aEQ3VGtHSUxy
1 > User-Agent: PostmanRuntime/7.31.1
1 > Content-Length: 409
1 > Host: apitest.livquik.com
1 > Connection: Keep-Alive
1 > Accept-Encoding: gzip,deflate
{"mobileNumber":"+918722000003","deviceId":"9F0D7162-F90E-41B7-8357-88891C33F0ED","channel":"app","merchantId":"uk@wad7Si","amount":"60","currency":"INR","merchantOrderId":"KOTAK-120903534354311","callbackUrl":"https:\/\/localhost:8000\/api\/processPayment","emiSubvention":false,"emiTransaction":false,"paymentMode":{"bnpl":[{"paymentChannelId":"kotak_bnpl_cardless_*","amount":"60"}]},"source":"secure-2fr"}

15:25:17.473 [main] DEBUG com.intuit.karate - response time in milliseconds: 501
1 < 200
1 < Server: nginx
1 < Date: Sat, 11 Mar 2023 09:55:17 GMT
1 < Content-Type: application/json
1 < Transfer-Encoding: chunked
1 < Connection: keep-alive
1 < Vary: Accept-Encoding
1 < Vary: Origin
1 < Content-Security-Policy: default-src 'self';base-uri 'self';font-src 'self' https: data:;form-action 'self';frame-ancestors 'self';img-src 'self' data:;object-src 'none';script-src 'self';script-src-attr 'none';style-src 'self' https: 'unsafe-inline';upgrade-insecure-requests
1 < Cross-Origin-Embedder-Policy: require-corp
1 < Cross-Origin-Opener-Policy: same-origin
1 < Cross-Origin-Resource-Policy: same-origin
1 < X-DNS-Prefetch-Control: off
1 < X-Frame-Options: SAMEORIGIN
1 < X-Frame-Options: SAMEORIGIN
1 < Strict-Transport-Security: max-age=31536000; includeSubDomains
1 < Strict-Transport-Security: max-age=432000; includeSubDomains
1 < X-Download-Options: noopen
1 < X-Content-Type-Options: nosniff
1 < X-Content-Type-Options: nosniff
1 < Origin-Agent-Cluster: ?1
1 < X-Permitted-Cross-Domain-Policies: none
1 < Referrer-Policy: no-referrer
1 < X-XSS-Protection: 0
1 < X-XSS-Protection: 1; mode=block
1 < X-Powered-By: Express
1 < vary: Accept-Encoding
1 < vary: Origin
1 < X-Kong-Upstream-Latency: 6
1 < X-Kong-Proxy-Latency: 5
1 < Via: kong/2.7.0.0-enterprise-edition
{"result":{"status":"failed","statusCode":"PAY_1002","message":"Request expired."}}

15:25:17.525 [main] INFO  com.intuit.karate - [print] {
  "result": {
    "status": "failed",
    "statusCode": "PAY_1002",
    "message": "Request expired."
  }
}
 
15:30:13.951 [main] DEBUG com.intuit.karate.Suite - [config] classpath:karate-config.js
15:30:15.207 [main] INFO  com.intuit.karate - karate.env system property was: null 
15:30:15.664 [main] DEBUG com.intuit.karate - request:
1 > POST https://apitest.livquik.com/api/v1/bnpl/processPayment
1 > Content-Type: application/json; charset=UTF-8
1 > Authorization: eyJhbGciOiJIUzI1NiIsInR5cCI6IkpXVCJ9.eyJtb2JpbGVOdW1iZXIiOiIrOTE4NzIyMDAwMDAzIiwiZGV2aWNlSWQiOiI5RjBENzE2Mi1GOTBFLTQxQjctODM1Ny04ODg5MUMzM0YwRUQiLCJjaGFubmVsIjoiYXBwIiwibWVyY2hhbnRJZCI6InVrQHdhZDdTaSIsImFtb3VudCI6IjYwIiwiY3VycmVuY3kiOiJJTlIiLCJtZXJjaGFudE9yZGVySWQiOiJLT1RBSy0xMjA5MDM1MzQzNTQzMTEiLCJjYWxsYmFja1VybCI6Imh0dHBzOi8vbG9jYWxob3N0OjgwMDAvYXBpL3Byb2Nlc3NQYXltZW50IiwiZW1pU3VidmVudGlvbiI6ZmFsc2UsImVtaVRyYW5zYWN0aW9uIjpmYWxzZSwicGF5bWVudE1vZGUiOnsiYm5wbCI6W3sicGF5bWVudENoYW5uZWxJZCI6ImtvdGFrX2JucGxfY2FyZGxlc3NfKiIsImFtb3VudCI6IjYwIn1dfSwic291cmNlIjoic2VjdXJlLTJmciIsImlhdCI6MTY3NjU0NjI0MCwiZXhwIjoxNjc2NTQ3MTQwfQ.YJVpqqoXhNK6qvn5RQbJE-GX02Zve7vcc9FUKqc0_W0
1 > TENANT: KOTAK_BNPL
1 > public-key: Bearer cGtfbGl2ZV94NjIzRkpNZmFJbmk6c2tfbGl2ZV9xeUVwSUJaQWQxcG1aNk9oMklUOG43UjlmSzFVbmM2aEQ3VGtHSUxy
1 > User-Agent: PostmanRuntime/7.31.1
1 > Content-Length: 409
1 > Host: apitest.livquik.com
1 > Connection: Keep-Alive
1 > Accept-Encoding: gzip,deflate
{"mobileNumber":"+918722000003","deviceId":"9F0D7162-F90E-41B7-8357-88891C33F0ED","channel":"app","merchantId":"uk@wad7Si","amount":"60","currency":"INR","merchantOrderId":"KOTAK-120903534354311","callbackUrl":"https:\/\/localhost:8000\/api\/processPayment","emiSubvention":false,"emiTransaction":false,"paymentMode":{"bnpl":[{"paymentChannelId":"kotak_bnpl_cardless_*","amount":"60"}]},"source":"secure-2fr"}

15:30:16.013 [main] DEBUG com.intuit.karate - response time in milliseconds: 346
1 < 200
1 < Server: nginx
1 < Date: Sat, 11 Mar 2023 10:00:15 GMT
1 < Content-Type: application/json
1 < Transfer-Encoding: chunked
1 < Connection: keep-alive
1 < Vary: Accept-Encoding
1 < Vary: Origin
1 < Content-Security-Policy: default-src 'self';base-uri 'self';font-src 'self' https: data:;form-action 'self';frame-ancestors 'self';img-src 'self' data:;object-src 'none';script-src 'self';script-src-attr 'none';style-src 'self' https: 'unsafe-inline';upgrade-insecure-requests
1 < Cross-Origin-Embedder-Policy: require-corp
1 < Cross-Origin-Opener-Policy: same-origin
1 < Cross-Origin-Resource-Policy: same-origin
1 < X-DNS-Prefetch-Control: off
1 < X-Frame-Options: SAMEORIGIN
1 < X-Frame-Options: SAMEORIGIN
1 < Strict-Transport-Security: max-age=31536000; includeSubDomains
1 < Strict-Transport-Security: max-age=432000; includeSubDomains
1 < X-Download-Options: noopen
1 < X-Content-Type-Options: nosniff
1 < X-Content-Type-Options: nosniff
1 < Origin-Agent-Cluster: ?1
1 < X-Permitted-Cross-Domain-Policies: none
1 < Referrer-Policy: no-referrer
1 < X-XSS-Protection: 0
1 < X-XSS-Protection: 1; mode=block
1 < X-Powered-By: Express
1 < vary: Accept-Encoding
1 < vary: Origin
1 < X-Kong-Upstream-Latency: 8
1 < X-Kong-Proxy-Latency: 1
1 < Via: kong/2.7.0.0-enterprise-edition
{"result":{"status":"failed","statusCode":"PAY_1002","message":"Request expired."}}

15:30:16.042 [main] INFO  com.intuit.karate - [print] {
  "result": {
    "status": "failed",
    "statusCode": "PAY_1002",
    "message": "Request expired."
  }
}
 
15:30:25.562 [main] DEBUG com.intuit.karate.Suite - [config] classpath:karate-config.js
15:30:26.940 [main] INFO  com.intuit.karate - karate.env system property was: null 
15:30:27.441 [main] DEBUG com.intuit.karate - request:
1 > POST https://apitest.livquik.com/api/v1/bnpl/processPayment
1 > Content-Type: application/json; charset=UTF-8
1 > Authorization: eyJhbGciOiJIUzI1NiIsInR5cCI6IkpXVCJ9.eyJtb2JpbGVOdW1iZXIiOiIrOTE4NzIyMDAwMDAzIiwiZGV2aWNlSWQiOiI5RjBENzE2Mi1GOTBFLTQxQjctODM1Ny04ODg5MUMzM0YwRUQiLCJjaGFubmVsIjoiYXBwIiwibWVyY2hhbnRJZCI6InVrQHdhZDdTaSIsImFtb3VudCI6IjYwIiwiY3VycmVuY3kiOiJJTlIiLCJtZXJjaGFudE9yZGVySWQiOiJLT1RBSy0xMjA5MDM1MzQzNTQzMTEiLCJjYWxsYmFja1VybCI6Imh0dHBzOi8vbG9jYWxob3N0OjgwMDAvYXBpL3Byb2Nlc3NQYXltZW50IiwiZW1pU3VidmVudGlvbiI6ZmFsc2UsImVtaVRyYW5zYWN0aW9uIjpmYWxzZSwicGF5bWVudE1vZGUiOnsiYm5wbCI6W3sicGF5bWVudENoYW5uZWxJZCI6ImtvdGFrX2JucGxfY2FyZGxlc3NfKiIsImFtb3VudCI6IjYwIn1dfSwic291cmNlIjoic2VjdXJlLTJmciIsImlhdCI6MTY3NjU0NjI0MCwiZXhwIjoxNjc2NTQ3MTQwfQ.YJVpqqoXhNK6qvn5RQbJE-GX02Zve7vcc9FUKqc0_W0
1 > TENANT: KOTAK_BNPL
1 > public-key: Bearer cGtfbGl2ZV94NjIzRkpNZmFJbmk6c2tfbGl2ZV9xeUVwSUJaQWQxcG1aNk9oMklUOG43UjlmSzFVbmM2aEQ3VGtHSUxy
1 > User-Agent: PostmanRuntime/7.31.1
1 > Content-Length: 409
1 > Host: apitest.livquik.com
1 > Connection: Keep-Alive
1 > Accept-Encoding: gzip,deflate
{"mobileNumber":"+918722000003","deviceId":"9F0D7162-F90E-41B7-8357-88891C33F0ED","channel":"app","merchantId":"uk@wad7Si","amount":"60","currency":"INR","merchantOrderId":"KOTAK-120903534354311","callbackUrl":"https:\/\/localhost:8000\/api\/processPayment","emiSubvention":false,"emiTransaction":false,"paymentMode":{"bnpl":[{"paymentChannelId":"kotak_bnpl_cardless_*","amount":"60"}]},"source":"secure-2fr"}

15:30:27.774 [main] DEBUG com.intuit.karate - response time in milliseconds: 330
1 < 200
1 < Server: nginx
1 < Date: Sat, 11 Mar 2023 10:00:27 GMT
1 < Content-Type: application/json
1 < Transfer-Encoding: chunked
1 < Connection: keep-alive
1 < Vary: Accept-Encoding
1 < Vary: Origin
1 < Content-Security-Policy: default-src 'self';base-uri 'self';font-src 'self' https: data:;form-action 'self';frame-ancestors 'self';img-src 'self' data:;object-src 'none';script-src 'self';script-src-attr 'none';style-src 'self' https: 'unsafe-inline';upgrade-insecure-requests
1 < Cross-Origin-Embedder-Policy: require-corp
1 < Cross-Origin-Opener-Policy: same-origin
1 < Cross-Origin-Resource-Policy: same-origin
1 < X-DNS-Prefetch-Control: off
1 < X-Frame-Options: SAMEORIGIN
1 < X-Frame-Options: SAMEORIGIN
1 < Strict-Transport-Security: max-age=31536000; includeSubDomains
1 < Strict-Transport-Security: max-age=432000; includeSubDomains
1 < X-Download-Options: noopen
1 < X-Content-Type-Options: nosniff
1 < X-Content-Type-Options: nosniff
1 < Origin-Agent-Cluster: ?1
1 < X-Permitted-Cross-Domain-Policies: none
1 < Referrer-Policy: no-referrer
1 < X-XSS-Protection: 0
1 < X-XSS-Protection: 1; mode=block
1 < X-Powered-By: Express
1 < vary: Accept-Encoding
1 < vary: Origin
1 < X-Kong-Upstream-Latency: 6
1 < X-Kong-Proxy-Latency: 2
1 < Via: kong/2.7.0.0-enterprise-edition
{"result":{"status":"failed","statusCode":"PAY_1002","message":"Request expired."}}

15:30:27.799 [main] INFO  com.intuit.karate - [print] {
  "result": {
    "status": "failed",
    "statusCode": "PAY_1002",
    "message": "Request expired."
  }
}
 
15:58:46.412 [main] DEBUG com.intuit.karate.Suite - [config] classpath:karate-config.js
15:58:47.797 [main] INFO  com.intuit.karate - karate.env system property was: null 
15:58:47.944 [main] ERROR com.intuit.karate - classpath:test/processPayment.feature:58
And header Authorization = call read('cd ./Desktop/karate_demo/myproject/src/test/java/test/JWTtoken')
js failed:
>>>>
01: read('cd ./Desktop/karate_demo/myproject/src/test/java/test/JWTtoken')
<<<<
org.graalvm.polyglot.PolyglotException: java.io.FileNotFoundException: /home/livquik/Desktop/karate_demo/myproject/target/test-classes/test/cd ./Desktop/karate_demo/myproject/src/test/java/test/JWTtoken (No such file or directory)
- com.intuit.karate.resource.FileResource.getStream(FileResource.java:98)
- com.intuit.karate.core.ScenarioFileReader.readFileAsStream(ScenarioFileReader.java:99)
- com.intuit.karate.core.ScenarioFileReader.readFile(ScenarioFileReader.java:76)
- com.intuit.karate.core.ScenarioEngine.lambda$new$0(ScenarioEngine.java:120)
- <js>.:program(Unnamed:1)

classpath:test/processPayment.feature:58
15:59:35.048 [main] DEBUG com.intuit.karate.Suite - [config] classpath:karate-config.js
15:59:36.377 [main] INFO  com.intuit.karate - karate.env system property was: null 
15:59:36.534 [main] ERROR com.intuit.karate - classpath:test/processPayment.feature:58
And header Authorization = call read('cd./Desktop/karate_demo/myproject/src/test/java/test/JWTtoken')
js failed:
>>>>
01: read('cd./Desktop/karate_demo/myproject/src/test/java/test/JWTtoken')
<<<<
org.graalvm.polyglot.PolyglotException: java.io.FileNotFoundException: /home/livquik/Desktop/karate_demo/myproject/target/test-classes/test/cd./Desktop/karate_demo/myproject/src/test/java/test/JWTtoken (No such file or directory)
- com.intuit.karate.resource.FileResource.getStream(FileResource.java:98)
- com.intuit.karate.core.ScenarioFileReader.readFileAsStream(ScenarioFileReader.java:99)
- com.intuit.karate.core.ScenarioFileReader.readFile(ScenarioFileReader.java:76)
- com.intuit.karate.core.ScenarioEngine.lambda$new$0(ScenarioEngine.java:120)
- <js>.:program(Unnamed:1)

classpath:test/processPayment.feature:58
12:20:50.283 [main] DEBUG com.intuit.karate.Suite - [config] classpath:karate-config.js
12:20:51.747 [main] INFO  com.intuit.karate - karate.env system property was: null 
12:20:52.292 [main] DEBUG com.intuit.karate - request:
1 > POST https://apitest.livquik.com/api/v1/bnpl/processPayment
1 > Content-Type: application/json; charset=UTF-8
1 > Authorization: jsonwebtoken
1 > TENANT: KOTAK_BNPL
1 > public-key: Bearer cGtfbGl2ZV94NjIzRkpNZmFJbmk6c2tfbGl2ZV9xeUVwSUJaQWQxcG1aNk9oMklUOG43UjlmSzFVbmM2aEQ3VGtHSUxy
1 > User-Agent: PostmanRuntime/7.31.1
1 > Content-Length: 409
1 > Host: apitest.livquik.com
1 > Connection: Keep-Alive
1 > Accept-Encoding: gzip,deflate
{"mobileNumber":"+918722000003","deviceId":"9F0D7162-F90E-41B7-8357-88891C33F0ED","channel":"app","merchantId":"uk@wad7Si","amount":"60","currency":"INR","merchantOrderId":"KOTAK-120903534354311","callbackUrl":"https:\/\/localhost:8000\/api\/processPayment","emiSubvention":false,"emiTransaction":false,"paymentMode":{"bnpl":[{"paymentChannelId":"kotak_bnpl_cardless_*","amount":"60"}]},"source":"secure-2fr"}

12:20:52.708 [main] DEBUG com.intuit.karate - response time in milliseconds: 414
1 < 200
1 < Server: nginx
1 < Date: Mon, 13 Mar 2023 06:50:52 GMT
1 < Content-Type: application/json
1 < Transfer-Encoding: chunked
1 < Connection: keep-alive
1 < Vary: Accept-Encoding
1 < Vary: Origin
1 < Content-Security-Policy: default-src 'self';base-uri 'self';font-src 'self' https: data:;form-action 'self';frame-ancestors 'self';img-src 'self' data:;object-src 'none';script-src 'self';script-src-attr 'none';style-src 'self' https: 'unsafe-inline';upgrade-insecure-requests
1 < Cross-Origin-Embedder-Policy: require-corp
1 < Cross-Origin-Opener-Policy: same-origin
1 < Cross-Origin-Resource-Policy: same-origin
1 < X-DNS-Prefetch-Control: off
1 < X-Frame-Options: SAMEORIGIN
1 < X-Frame-Options: SAMEORIGIN
1 < Strict-Transport-Security: max-age=31536000; includeSubDomains
1 < Strict-Transport-Security: max-age=432000; includeSubDomains
1 < X-Download-Options: noopen
1 < X-Content-Type-Options: nosniff
1 < X-Content-Type-Options: nosniff
1 < Origin-Agent-Cluster: ?1
1 < X-Permitted-Cross-Domain-Policies: none
1 < Referrer-Policy: no-referrer
1 < X-XSS-Protection: 0
1 < X-XSS-Protection: 1; mode=block
1 < X-Powered-By: Express
1 < vary: Accept-Encoding
1 < vary: Origin
1 < X-Kong-Upstream-Latency: 7
1 < X-Kong-Proxy-Latency: 5
1 < Via: kong/2.7.0.0-enterprise-edition
{"result":{"status":"failed","statusCode":"PAY_1002","message":"Invalid credentials."}}

12:20:52.734 [main] ERROR com.intuit.karate - classpath:test/processPayment.feature:46
And match $.result.message == 'Request expired.'
match failed: EQUALS
  $ | not equal (STRING:STRING)
  'Invalid credentials.'
  'Request expired.'

classpath:test/processPayment.feature:46
15:25:04.580 [main] DEBUG com.intuit.karate.Suite - [config] classpath:karate-config.js
15:25:07.334 [main] INFO  com.intuit.karate - karate.env system property was: null 
15:25:08.554 [main] DEBUG com.intuit.karate - request:
1 > POST https://apitest.livquik.com/api/v1/bnpl/processPayment
1 > Content-Type: application/json; charset=UTF-8
1 > Authorization: jsonwebtoken
1 > TENANT: KOTAK_BNPL
1 > public-key: Bearer cGtfbGl2ZV94NjIzRkpNZmFJbmk6c2tfbGl2ZV9xeUVwSUJaQWQxcG1aNk9oMklUOG43UjlmSzFVbmM2aEQ3VGtHSUxy
1 > User-Agent: PostmanRuntime/7.31.1
1 > Content-Length: 409
1 > Host: apitest.livquik.com
1 > Connection: Keep-Alive
1 > Accept-Encoding: gzip,deflate
{"mobileNumber":"+918722000003","deviceId":"9F0D7162-F90E-41B7-8357-88891C33F0ED","channel":"app","merchantId":"uk@wad7Si","amount":"60","currency":"INR","merchantOrderId":"KOTAK-120903534354311","callbackUrl":"https:\/\/localhost:8000\/api\/processPayment","emiSubvention":false,"emiTransaction":false,"paymentMode":{"bnpl":[{"paymentChannelId":"kotak_bnpl_cardless_*","amount":"60"}]},"source":"secure-2fr"}

15:25:09.527 [main] DEBUG com.intuit.karate - response time in milliseconds: 949
1 < 200
1 < Server: nginx
1 < Date: Mon, 13 Mar 2023 09:55:09 GMT
1 < Content-Type: application/json
1 < Transfer-Encoding: chunked
1 < Connection: keep-alive
1 < Vary: Accept-Encoding
1 < Vary: Origin
1 < Content-Security-Policy: default-src 'self';base-uri 'self';font-src 'self' https: data:;form-action 'self';frame-ancestors 'self';img-src 'self' data:;object-src 'none';script-src 'self';script-src-attr 'none';style-src 'self' https: 'unsafe-inline';upgrade-insecure-requests
1 < Cross-Origin-Embedder-Policy: require-corp
1 < Cross-Origin-Opener-Policy: same-origin
1 < Cross-Origin-Resource-Policy: same-origin
1 < X-DNS-Prefetch-Control: off
1 < X-Frame-Options: SAMEORIGIN
1 < X-Frame-Options: SAMEORIGIN
1 < Strict-Transport-Security: max-age=31536000; includeSubDomains
1 < Strict-Transport-Security: max-age=432000; includeSubDomains
1 < X-Download-Options: noopen
1 < X-Content-Type-Options: nosniff
1 < X-Content-Type-Options: nosniff
1 < Origin-Agent-Cluster: ?1
1 < X-Permitted-Cross-Domain-Policies: none
1 < Referrer-Policy: no-referrer
1 < X-XSS-Protection: 0
1 < X-XSS-Protection: 1; mode=block
1 < X-Powered-By: Express
1 < vary: Accept-Encoding
1 < vary: Origin
1 < X-Kong-Upstream-Latency: 12
1 < X-Kong-Proxy-Latency: 1
1 < Via: kong/2.7.0.0-enterprise-edition
{"result":{"status":"failed","statusCode":"PAY_1002","message":"Invalid credentials."}}

15:25:09.594 [main] ERROR com.intuit.karate - classpath:test/processPayment.feature:46
And match $.result.message == 'Request expired.'
match failed: EQUALS
  $ | not equal (STRING:STRING)
  'Invalid credentials.'
  'Request expired.'

classpath:test/processPayment.feature:46
15:38:14.249 [main] DEBUG com.intuit.karate.Suite - [config] classpath:karate-config.js
15:38:15.512 [main] INFO  com.intuit.karate - karate.env system property was: null 
15:38:16.005 [main] DEBUG com.intuit.karate - request:
1 > POST https://apitest.livquik.com/api/v1/bnpl/processPayment
1 > Content-Type: application/json; charset=UTF-8
1 > Authorization: jsonwebtoken
1 > TENANT: KOTAK_BNPL
1 > public-key: Bearer cGtfbGl2ZV94NjIzRkpNZmFJbmk6c2tfbGl2ZV9xeUVwSUJaQWQxcG1aNk9oMklUOG43UjlmSzFVbmM2aEQ3VGtHSUxy
1 > User-Agent: PostmanRuntime/7.31.1
1 > Content-Length: 409
1 > Host: apitest.livquik.com
1 > Connection: Keep-Alive
1 > Accept-Encoding: gzip,deflate
{"mobileNumber":"+918722000003","deviceId":"9F0D7162-F90E-41B7-8357-88891C33F0ED","channel":"app","merchantId":"uk@wad7Si","amount":"60","currency":"INR","merchantOrderId":"KOTAK-120903534354311","callbackUrl":"https:\/\/localhost:8000\/api\/processPayment","emiSubvention":false,"emiTransaction":false,"paymentMode":{"bnpl":[{"paymentChannelId":"kotak_bnpl_cardless_*","amount":"60"}]},"source":"secure-2fr"}

15:38:16.379 [main] DEBUG com.intuit.karate - response time in milliseconds: 368
1 < 200
1 < Server: nginx
1 < Date: Mon, 13 Mar 2023 10:08:16 GMT
1 < Content-Type: application/json
1 < Transfer-Encoding: chunked
1 < Connection: keep-alive
1 < Vary: Accept-Encoding
1 < Vary: Origin
1 < Content-Security-Policy: default-src 'self';base-uri 'self';font-src 'self' https: data:;form-action 'self';frame-ancestors 'self';img-src 'self' data:;object-src 'none';script-src 'self';script-src-attr 'none';style-src 'self' https: 'unsafe-inline';upgrade-insecure-requests
1 < Cross-Origin-Embedder-Policy: require-corp
1 < Cross-Origin-Opener-Policy: same-origin
1 < Cross-Origin-Resource-Policy: same-origin
1 < X-DNS-Prefetch-Control: off
1 < X-Frame-Options: SAMEORIGIN
1 < X-Frame-Options: SAMEORIGIN
1 < Strict-Transport-Security: max-age=31536000; includeSubDomains
1 < Strict-Transport-Security: max-age=432000; includeSubDomains
1 < X-Download-Options: noopen
1 < X-Content-Type-Options: nosniff
1 < X-Content-Type-Options: nosniff
1 < Origin-Agent-Cluster: ?1
1 < X-Permitted-Cross-Domain-Policies: none
1 < Referrer-Policy: no-referrer
1 < X-XSS-Protection: 0
1 < X-XSS-Protection: 1; mode=block
1 < X-Powered-By: Express
1 < vary: Accept-Encoding
1 < vary: Origin
1 < X-Kong-Upstream-Latency: 27
1 < X-Kong-Proxy-Latency: 5
1 < Via: kong/2.7.0.0-enterprise-edition
{"result":{"status":"failed","statusCode":"PAY_1002","message":"Invalid credentials."}}

15:38:16.414 [main] ERROR com.intuit.karate - classpath:test/processPayment.feature:46
And match $.result.message == 'Request expired.'
match failed: EQUALS
  $ | not equal (STRING:STRING)
  'Invalid credentials.'
  'Request expired.'

classpath:test/processPayment.feature:46
16:25:12.007 [main] ERROR com.intuit.karate.core.FeatureParser - not a valid feature file: test/processPayment.feature - mismatched input '/' expecting <EOF>
16:01:56.057 [main] DEBUG com.intuit.karate.Suite - [config] classpath:karate-config.js
16:01:57.359 [main] INFO  com.intuit.karate - karate.env system property was: null 
16:01:57.853 [main] DEBUG com.intuit.karate - request:
1 > POST https://apitest.livquik.com/api/v1/bnpl/processPayment
1 > Content-Type: application/json; charset=UTF-8
1 > Authorization: eyJhbGciOiJIUzI1NiIsInR5cCI6IkpXVCJ9.eyJtb2JpbGVOdW1iZXIiOiIrOTE4NzIyMDAwMDAzIiwiZGV2aWNlSWQiOiI5RjBENzE2Mi1GOTBFLTQxQjctODM1Ny04ODg5MUMzM0YwRUQiLCJjaGFubmVsIjoiYXBwIiwibWVyY2hhbnRJZCI6InVrQHdhZDdTaSIsImFtb3VudCI6IjYwIiwiY3VycmVuY3kiOiJJTlIiLCJtZXJjaGFudE9yZGVySWQiOiJLT1RBSy0xMjA5MDM1MzQzNTQzMTEiLCJjYWxsYmFja1VybCI6Imh0dHBzOi8vbG9jYWxob3N0OjgwMDAvYXBpL3Byb2Nlc3NQYXltZW50IiwiZW1pU3VidmVudGlvbiI6ZmFsc2UsImVtaVRyYW5zYWN0aW9uIjpmYWxzZSwicGF5bWVudE1vZGUiOnsiYm5wbCI6W3sicGF5bWVudENoYW5uZWxJZCI6ImtvdGFrX2JucGxfY2FyZGxlc3NfKiIsImFtb3VudCI6IjYwIn1dfSwic291cmNlIjoic2VjdXJlLTJmciIsImlhdCI6MTY3NjU0NjI0MCwiZXhwIjoxNjc2NTQ3MTQwfQ.YJVpqqoXhNK6qvn5RQbJE-GX02Zve7vcc9FUKqc0_W0
1 > TENANT: KOTAK_BNPL
1 > public-key: Bearer cGtfbGl2ZV94NjIzRkpNZmFJbmk6c2tfbGl2ZV9xeUVwSUJaQWQxcG1aNk9oMklUOG43UjlmSzFVbmM2aEQ3VGtHSUxy
1 > User-Agent: PostmanRuntime/7.31.1
1 > Content-Length: 409
1 > Host: apitest.livquik.com
1 > Connection: Keep-Alive
1 > Accept-Encoding: gzip,deflate
{"mobileNumber":"+918722000003","deviceId":"9F0D7162-F90E-41B7-8357-88891C33F0ED","channel":"app","merchantId":"uk@wad7Si","amount":"60","currency":"INR","merchantOrderId":"KOTAK-120903534354311","callbackUrl":"https:\/\/localhost:8000\/api\/processPayment","emiSubvention":false,"emiTransaction":false,"paymentMode":{"bnpl":[{"paymentChannelId":"kotak_bnpl_cardless_*","amount":"60"}]},"source":"secure-2fr"}

16:01:58.228 [main] DEBUG com.intuit.karate - response time in milliseconds: 371
1 < 200
1 < Server: nginx
1 < Date: Sun, 19 Mar 2023 10:31:58 GMT
1 < Content-Type: application/json
1 < Transfer-Encoding: chunked
1 < Connection: keep-alive
1 < Vary: Accept-Encoding
1 < Vary: Origin
1 < Content-Security-Policy: default-src 'self';base-uri 'self';font-src 'self' https: data:;form-action 'self';frame-ancestors 'self';img-src 'self' data:;object-src 'none';script-src 'self';script-src-attr 'none';style-src 'self' https: 'unsafe-inline';upgrade-insecure-requests
1 < Cross-Origin-Embedder-Policy: require-corp
1 < Cross-Origin-Opener-Policy: same-origin
1 < Cross-Origin-Resource-Policy: same-origin
1 < X-DNS-Prefetch-Control: off
1 < X-Frame-Options: SAMEORIGIN
1 < X-Frame-Options: SAMEORIGIN
1 < Strict-Transport-Security: max-age=31536000; includeSubDomains
1 < Strict-Transport-Security: max-age=432000; includeSubDomains
1 < X-Download-Options: noopen
1 < X-Content-Type-Options: nosniff
1 < X-Content-Type-Options: nosniff
1 < Origin-Agent-Cluster: ?1
1 < X-Permitted-Cross-Domain-Policies: none
1 < Referrer-Policy: no-referrer
1 < X-XSS-Protection: 0
1 < X-XSS-Protection: 1; mode=block
1 < X-Powered-By: Express
1 < vary: Accept-Encoding
1 < vary: Origin
1 < X-Kong-Upstream-Latency: 11
1 < X-Kong-Proxy-Latency: 3
1 < Via: kong/2.7.0.0-enterprise-edition
{"result":{"status":"failed","statusCode":"PAY_1002","message":"Request expired."}}

16:01:58.272 [main] INFO  com.intuit.karate - [print] {
  "result": {
    "status": "failed",
    "statusCode": "PAY_1002",
    "message": "Request expired."
  }
}
 
16:04:31.643 [main] DEBUG com.intuit.karate.Suite - [config] classpath:karate-config.js
16:04:33.172 [main] INFO  com.intuit.karate - karate.env system property was: null 
16:04:33.717 [main] DEBUG com.intuit.karate - request:
1 > POST https://apitest.livquik.com/api/v1/bnpl/processPayment
1 > Content-Type: application/json; charset=UTF-8
1 > Authorization: eyJhbGciOiJIUzI1NiIsInR5cCI6IkpXVCJ9.eyJtb2JpbGVOdW1iZXIiOiIrOTE4NzIyMDAwMDAzIiwiZGV2aWNlSWQiOiI5RjBENzE2Mi1GOTBFLTQxQjctODM1Ny04ODg5MUMzM0YwRUQiLCJjaGFubmVsIjoiYXBwIiwibWVyY2hhbnRJZCI6InVrQHdhZDdTaSIsImFtb3VudCI6IjYwIiwiY3VycmVuY3kiOiJJTlIiLCJtZXJjaGFudE9yZGVySWQiOiJLT1RBSy0xMjA5MDM1MzQzNTQzMTEiLCJjYWxsYmFja1VybCI6Imh0dHBzOi8vbG9jYWxob3N0OjgwMDAvYXBpL3Byb2Nlc3NQYXltZW50IiwiZW1pU3VidmVudGlvbiI6ZmFsc2UsImVtaVRyYW5zYWN0aW9uIjpmYWxzZSwicGF5bWVudE1vZGUiOnsiYm5wbCI6W3sicGF5bWVudENoYW5uZWxJZCI6ImtvdGFrX2JucGxfY2FyZGxlc3NfKiIsImFtb3VudCI6IjYwIn1dfSwic291cmNlIjoic2VjdXJlLTJmciIsImlhdCI6MTY3NjU0NjI0MCwiZXhwIjoxNjc2NTQ3MTQwfQ.YJVpqqoXhNK6qvn5RQbJE-GX02Zve7vcc9FUKqc0_W0
1 > TENANT: KOTAK_BNPL
1 > public-key: Bearer cGtfbGl2ZV94NjIzRkpNZmFJbmk6c2tfbGl2ZV9xeUVwSUJaQWQxcG1aNk9oMklUOG43UjlmSzFVbmM2aEQ3VGtHSUxy
1 > User-Agent: PostmanRuntime/7.31.1
1 > Content-Length: 396
1 > Host: apitest.livquik.com
1 > Connection: Keep-Alive
1 > Accept-Encoding: gzip,deflate
{"mobileNumber":"","deviceId":"9F0D7162-F90E-41B7-8357-88891C33F0ED","channel":"app","merchantId":"uk@wad7Si","amount":"60","currency":"INR","merchantOrderId":"KOTAK-120903534354311","callbackUrl":"https:\/\/localhost:8000\/api\/processPayment","emiSubvention":false,"emiTransaction":false,"paymentMode":{"bnpl":[{"paymentChannelId":"kotak_bnpl_cardless_*","amount":"60"}]},"source":"secure-2fr"}

16:04:34.077 [main] DEBUG com.intuit.karate - response time in milliseconds: 356
1 < 200
1 < Server: nginx
1 < Date: Sun, 19 Mar 2023 10:34:34 GMT
1 < Content-Type: application/json
1 < Transfer-Encoding: chunked
1 < Connection: keep-alive
1 < Vary: Accept-Encoding
1 < Vary: Origin
1 < Content-Security-Policy: default-src 'self';base-uri 'self';font-src 'self' https: data:;form-action 'self';frame-ancestors 'self';img-src 'self' data:;object-src 'none';script-src 'self';script-src-attr 'none';style-src 'self' https: 'unsafe-inline';upgrade-insecure-requests
1 < Cross-Origin-Embedder-Policy: require-corp
1 < Cross-Origin-Opener-Policy: same-origin
1 < Cross-Origin-Resource-Policy: same-origin
1 < X-DNS-Prefetch-Control: off
1 < X-Frame-Options: SAMEORIGIN
1 < X-Frame-Options: SAMEORIGIN
1 < Strict-Transport-Security: max-age=31536000; includeSubDomains
1 < Strict-Transport-Security: max-age=432000; includeSubDomains
1 < X-Download-Options: noopen
1 < X-Content-Type-Options: nosniff
1 < X-Content-Type-Options: nosniff
1 < Origin-Agent-Cluster: ?1
1 < X-Permitted-Cross-Domain-Policies: none
1 < Referrer-Policy: no-referrer
1 < X-XSS-Protection: 0
1 < X-XSS-Protection: 1; mode=block
1 < X-Powered-By: Express
1 < vary: Accept-Encoding
1 < vary: Origin
1 < X-Kong-Upstream-Latency: 7
1 < X-Kong-Proxy-Latency: 2
1 < Via: kong/2.7.0.0-enterprise-edition
{"result":{"status":"failed","statusCode":"PAY_1002","message":"Request expired."}}

16:04:34.104 [main] INFO  com.intuit.karate - [print] {
  "result": {
    "status": "failed",
    "statusCode": "PAY_1002",
    "message": "Request expired."
  }
}
 
16:58:30.118 [main] DEBUG com.intuit.karate.Suite - [config] classpath:karate-config.js
16:58:31.655 [main] INFO  com.intuit.karate - karate.env system property was: null 
17:00:54.585 [main] DEBUG com.intuit.karate.Suite - [config] classpath:karate-config.js
17:00:55.962 [main] INFO  com.intuit.karate - karate.env system property was: null 
17:01:19.841 [main] DEBUG com.intuit.karate.Suite - [config] classpath:karate-config.js
17:01:21.347 [main] INFO  com.intuit.karate - karate.env system property was: null 
17:26:22.022 [main] DEBUG com.intuit.karate.Suite - [config] classpath:karate-config.js
17:26:23.534 [main] INFO  com.intuit.karate - karate.env system property was: null 
17:26:23.582 [main] ERROR com.intuit.karate - classpath:test/js_executor.feature:6
* def *generateToken* =
"""
const jwt = require("jsonwebtoken");
const fs = require('fs');
const reqBody = {
  mobileNumber: "+918369221597",
  deviceId: "123456",
  channel: "app",
  merchantId: "fzAMJrXcr",
  amount: "1000",
  currency: "INR"
};
const secretKey = "sk_live_1IQbrlbJbsUbwECZSIesC94A6JlY2fbTnlFJu7yT";
function generateToken(reqBody, secretKey) {
  const token = jwt.sign(reqBody, secretKey, { expiresIn: 60 * 15 });
  return token;
}
const token = generateToken(reqBody, secretKey);
try {
  fs.writeFileSync('token.json', JSON.stringify({ token: token })
);
  // file written successfully
} catch (err) {
  console.error(err);
}
"""
invalid variable name: *generateToken*
classpath:test/js_executor.feature:6
17:27:10.686 [main] DEBUG com.intuit.karate.Suite - [config] classpath:karate-config.js
17:27:11.902 [main] INFO  com.intuit.karate - karate.env system property was: null 
17:27:11.996 [main] ERROR com.intuit.karate - classpath:test/js_executor.feature:6
* def generateToken =
"""
const jwt = require("jsonwebtoken");
const fs = require('fs');
const reqBody = {
  mobileNumber: "+918369221597",
  deviceId: "123456",
  channel: "app",
  merchantId: "fzAMJrXcr",
  amount: "1000",
  currency: "INR"
};
const secretKey = "sk_live_1IQbrlbJbsUbwECZSIesC94A6JlY2fbTnlFJu7yT";
function generateToken(reqBody, secretKey) {
  const token = jwt.sign(reqBody, secretKey, { expiresIn: 60 * 15 });
  return token;
}
const token = generateToken(reqBody, secretKey);
try {
  fs.writeFileSync('token.json', JSON.stringify({ token: token })
);
  // file written successfully
} catch (err) {
  console.error(err);
}
"""
js failed:
>>>>
01: const jwt = require("jsonwebtoken");
02: const fs = require('fs');
03: const reqBody = {
04:   mobileNumber: "+918369221597",
05:   deviceId: "123456",
06:   channel: "app",
07:   merchantId: "fzAMJrXcr",
08:   amount: "1000",
09:   currency: "INR"
10: };
11: const secretKey = "sk_live_1IQbrlbJbsUbwECZSIesC94A6JlY2fbTnlFJu7yT";
12: function generateToken(reqBody, secretKey) {
13:   const token = jwt.sign(reqBody, secretKey, { expiresIn: 60 * 15 });
14:   return token;
15: }
16: const token = generateToken(reqBody, secretKey);
17: try {
18:   fs.writeFileSync('token.json', JSON.stringify({ token: token })
19: );
20:   // file written successfully
21: } catch (err) {
22:   console.error(err);
23: }
<<<<
org.graalvm.polyglot.PolyglotException: ReferenceError: "require" is not defined
- <js>.:program(Unnamed:1)

classpath:test/js_executor.feature:6
